#! /c/Source/iverilog-install/bin/vvp
:ivl_version "12.0 (devel)" "(s20150603-1539-g2693dd32b)";
:ivl_delay_selection "TYPICAL";
:vpi_time_precision + 0;
:vpi_module "D:\verilog\iverilog\lib\ivl\system.vpi";
:vpi_module "D:\verilog\iverilog\lib\ivl\vhdl_sys.vpi";
:vpi_module "D:\verilog\iverilog\lib\ivl\vhdl_textio.vpi";
:vpi_module "D:\verilog\iverilog\lib\ivl\v2005_math.vpi";
:vpi_module "D:\verilog\iverilog\lib\ivl\va_math.vpi";
S_0000015c08973460 .scope module, "dcache" "dcache" 2 12;
 .timescale 0 0;
    .port_info 0 /INPUT 1 "clk";
    .port_info 1 /INPUT 8 "CPUaddress";
    .port_info 2 /INPUT 1 "reset";
    .port_info 3 /INPUT 1 "CPUread";
    .port_info 4 /INPUT 1 "CPUwrite";
    .port_info 5 /INPUT 8 "CPUwritedata";
    .port_info 6 /OUTPUT 8 "CPUreaddata";
    .port_info 7 /OUTPUT 1 "CPUbusywait";
    .port_info 8 /OUTPUT 6 "mem_address";
    .port_info 9 /OUTPUT 1 "mem_read";
    .port_info 10 /OUTPUT 1 "mem_write";
    .port_info 11 /OUTPUT 32 "mem_writedata";
    .port_info 12 /INPUT 32 "mem_readdata";
    .port_info 13 /INPUT 1 "mem_busywait";
P_0000015c089735f0 .param/l "CACHE_UPDATE" 0 2 133, C4<011>;
P_0000015c08973628 .param/l "IDLE" 0 2 133, C4<000>;
P_0000015c08973660 .param/l "MEM_READ" 0 2 133, C4<001>;
P_0000015c08973698 .param/l "MEM_WRITE" 0 2 133, C4<010>;
L_0000015c089981c0/d .functor AND 1, L_0000015c08a141c0, L_0000015c08a153e0, C4<1>, C4<1>;
L_0000015c089981c0 .delay 1 (1,1,1) L_0000015c089981c0/d;
o0000015c089c2ff8 .functor BUFZ 8, C4<zzzzzzzz>; HiZ drive
v0000015c089a0350_0 .net "CPUaddress", 7 0, o0000015c089c2ff8;  0 drivers
v0000015c0899fef0_0 .var "CPUbusywait", 0 0;
o0000015c089c3058 .functor BUFZ 1, C4<z>; HiZ drive
v0000015c0899fa90_0 .net "CPUread", 0 0, o0000015c089c3058;  0 drivers
v0000015c0899fbd0_0 .var "CPUreaddata", 7 0;
o0000015c089c30b8 .functor BUFZ 1, C4<z>; HiZ drive
v0000015c0899ff90_0 .net "CPUwrite", 0 0, o0000015c089c30b8;  0 drivers
o0000015c089c30e8 .functor BUFZ 8, C4<zzzzzzzz>; HiZ drive
v0000015c0899f6d0_0 .net "CPUwritedata", 7 0, o0000015c089c30e8;  0 drivers
v0000015c089a0210_0 .net "Dirty", 0 0, L_0000015c08a14940;  1 drivers
v0000015c0899f770_0 .net "Hit", 0 0, L_0000015c089981c0;  1 drivers
L_0000015c08a70088 .functor BUFT 1, C4<00>, C4<0>, C4<0>, C4<0>;
v0000015c0899f590_0 .net *"_ivl_11", 1 0, L_0000015c08a70088;  1 drivers
v0000015c0899f810_0 .net *"_ivl_13", 0 0, L_0000015c08a141c0;  1 drivers
v0000015c0899fe50_0 .net *"_ivl_14", 36 0, L_0000015c08a15700;  1 drivers
v0000015c0899fb30_0 .net *"_ivl_16", 4 0, L_0000015c08a14d00;  1 drivers
L_0000015c08a700d0 .functor BUFT 1, C4<00>, C4<0>, C4<0>, C4<0>;
v0000015c0899fc70_0 .net *"_ivl_19", 1 0, L_0000015c08a700d0;  1 drivers
v0000015c0899fd10_0 .net *"_ivl_21", 2 0, L_0000015c08a15340;  1 drivers
v0000015c089a0030_0 .net *"_ivl_22", 0 0, L_0000015c08a153e0;  1 drivers
v0000015c089a00d0_0 .net *"_ivl_26", 36 0, L_0000015c08a14300;  1 drivers
v0000015c089a0170_0 .net *"_ivl_28", 4 0, L_0000015c08a14ee0;  1 drivers
L_0000015c08a70118 .functor BUFT 1, C4<00>, C4<0>, C4<0>, C4<0>;
v0000015c089a03f0_0 .net *"_ivl_31", 1 0, L_0000015c08a70118;  1 drivers
v0000015c0899f630_0 .var *"_ivl_37", 7 0; Local signal
v0000015c0899f950_0 .var *"_ivl_38", 7 0; Local signal
v0000015c0899f9f0_0 .var *"_ivl_39", 7 0; Local signal
v0000015c08a15d40_0 .var *"_ivl_40", 7 0; Local signal
v0000015c08a14080_0 .var *"_ivl_41", 7 0; Local signal
v0000015c08a14580_0 .var *"_ivl_44", 7 0; Local signal
v0000015c08a15a20_0 .var *"_ivl_45", 7 0; Local signal
v0000015c08a15020_0 .var *"_ivl_46", 7 0; Local signal
v0000015c08a15ca0_0 .var *"_ivl_47", 7 0; Local signal
v0000015c08a14f80_0 .net *"_ivl_6", 36 0, L_0000015c08a152a0;  1 drivers
v0000015c08a14120_0 .net *"_ivl_8", 4 0, L_0000015c08a149e0;  1 drivers
v0000015c08a15160 .array "cache", 0 7, 36 0;
o0000015c089c36e8 .functor BUFZ 1, C4<z>; HiZ drive
v0000015c08a15c00_0 .net "clk", 0 0, o0000015c089c36e8;  0 drivers
v0000015c08a150c0_0 .var/i "i", 31 0;
v0000015c08a144e0_0 .net "index", 2 0, L_0000015c08a143a0;  1 drivers
v0000015c08a14440_0 .var "mem_address", 5 0;
o0000015c089c37a8 .functor BUFZ 1, C4<z>; HiZ drive
v0000015c08a14b20_0 .net "mem_busywait", 0 0, o0000015c089c37a8;  0 drivers
v0000015c08a14bc0_0 .var "mem_read", 0 0;
o0000015c089c3808 .functor BUFZ 32, C4<zzzzzzzzzzzzzzzzzzzzzzzzzzzzzzzz>; HiZ drive
v0000015c08a14620_0 .net "mem_readdata", 31 0, o0000015c089c3808;  0 drivers
v0000015c08a146c0_0 .var "mem_write", 0 0;
v0000015c08a14260_0 .var "mem_writedata", 31 0;
v0000015c08a14c60_0 .var "next_state", 2 0;
v0000015c08a14e40_0 .net "offset", 1 0, L_0000015c08a14a80;  1 drivers
o0000015c089c38f8 .functor BUFZ 1, C4<z>; HiZ drive
v0000015c08a15200_0 .net "reset", 0 0, o0000015c089c38f8;  0 drivers
v0000015c08a15de0_0 .var "state", 2 0;
v0000015c08a14da0_0 .net "tag", 2 0, L_0000015c08a15e80;  1 drivers
E_0000015c089c1530 .event posedge, v0000015c08a15200_0, v0000015c08a15c00_0;
E_0000015c089c1970/0 .event anyedge, v0000015c08a15de0_0, v0000015c08a14da0_0, v0000015c08a144e0_0, v0000015c08a14620_0;
v0000015c08a15160_0 .array/port v0000015c08a15160, 0;
v0000015c08a15160_1 .array/port v0000015c08a15160, 1;
v0000015c08a15160_2 .array/port v0000015c08a15160, 2;
v0000015c08a15160_3 .array/port v0000015c08a15160, 3;
E_0000015c089c1970/1 .event anyedge, v0000015c08a15160_0, v0000015c08a15160_1, v0000015c08a15160_2, v0000015c08a15160_3;
v0000015c08a15160_4 .array/port v0000015c08a15160, 4;
v0000015c08a15160_5 .array/port v0000015c08a15160, 5;
v0000015c08a15160_6 .array/port v0000015c08a15160, 6;
v0000015c08a15160_7 .array/port v0000015c08a15160, 7;
E_0000015c089c1970/2 .event anyedge, v0000015c08a15160_4, v0000015c08a15160_5, v0000015c08a15160_6, v0000015c08a15160_7;
E_0000015c089c1970/3 .event anyedge, v0000015c08a14b20_0;
E_0000015c089c1970 .event/or E_0000015c089c1970/0, E_0000015c089c1970/1, E_0000015c089c1970/2, E_0000015c089c1970/3;
E_0000015c089c1e70/0 .event anyedge, v0000015c08a15de0_0, v0000015c0899fa90_0, v0000015c0899ff90_0, v0000015c089a0210_0;
E_0000015c089c1e70/1 .event anyedge, v0000015c0899f770_0, v0000015c08a14b20_0;
E_0000015c089c1e70 .event/or E_0000015c089c1e70/0, E_0000015c089c1e70/1;
E_0000015c089c1eb0 .event posedge, v0000015c08a15c00_0;
E_0000015c089c1db0/0 .event anyedge, v0000015c0899f770_0, v0000015c0899fa90_0, v0000015c0899ff90_0, v0000015c08a14e40_0;
E_0000015c089c1db0/1 .event anyedge, v0000015c08a144e0_0, v0000015c08a15160_0, v0000015c08a15160_1, v0000015c08a15160_2;
E_0000015c089c1db0/2 .event anyedge, v0000015c08a15160_3, v0000015c08a15160_4, v0000015c08a15160_5, v0000015c08a15160_6;
E_0000015c089c1db0/3 .event anyedge, v0000015c08a15160_7;
E_0000015c089c1db0 .event/or E_0000015c089c1db0/0, E_0000015c089c1db0/1, E_0000015c089c1db0/2, E_0000015c089c1db0/3;
E_0000015c089c16b0 .event anyedge, v0000015c0899ff90_0, v0000015c0899fa90_0;
L_0000015c08a14a80 .delay 2 (1,1,1) L_0000015c08a14a80/d;
L_0000015c08a14a80/d .part o0000015c089c2ff8, 0, 2;
L_0000015c08a143a0 .part o0000015c089c2ff8, 2, 3;
L_0000015c08a15e80 .part o0000015c089c2ff8, 5, 3;
L_0000015c08a152a0 .array/port v0000015c08a15160, L_0000015c08a149e0;
L_0000015c08a149e0 .concat [ 3 2 0 0], L_0000015c08a143a0, L_0000015c08a70088;
L_0000015c08a141c0 .part L_0000015c08a152a0, 36, 1;
L_0000015c08a15700 .array/port v0000015c08a15160, L_0000015c08a14d00;
L_0000015c08a14d00 .concat [ 3 2 0 0], L_0000015c08a143a0, L_0000015c08a700d0;
L_0000015c08a15340 .part L_0000015c08a15700, 32, 3;
L_0000015c08a153e0 .cmp/eq 3, L_0000015c08a15340, L_0000015c08a15e80;
L_0000015c08a14300 .array/port v0000015c08a15160, L_0000015c08a14ee0;
L_0000015c08a14ee0 .concat [ 3 2 0 0], L_0000015c08a143a0, L_0000015c08a70118;
L_0000015c08a14940 .part L_0000015c08a14300, 35, 1;
    .scope S_0000015c08973460;
T_0 ;
    %wait E_0000015c089c16b0;
    %load/vec4 v0000015c0899fa90_0;
    %flag_set/vec4 8;
    %jmp/1 T_0.2, 8;
    %load/vec4 v0000015c0899ff90_0;
    %flag_set/vec4 9;
    %flag_or 8, 9;
T_0.2;
    %jmp/0xz  T_0.0, 8;
    %pushi/vec4 1, 0, 1;
    %store/vec4 v0000015c0899fef0_0, 0, 1;
    %jmp T_0.1;
T_0.0 ;
    %pushi/vec4 0, 0, 1;
    %store/vec4 v0000015c0899fef0_0, 0, 1;
T_0.1 ;
    %jmp T_0;
    .thread T_0, $push;
    .scope S_0000015c08973460;
T_1 ;
    %wait E_0000015c089c1db0;
    %load/vec4 v0000015c0899f770_0;
    %flag_set/vec4 10;
    %flag_get/vec4 10;
    %jmp/0 T_1.3, 10;
    %load/vec4 v0000015c0899fa90_0;
    %and;
T_1.3;
    %flag_set/vec4 9;
    %flag_get/vec4 9;
    %jmp/0 T_1.2, 9;
    %load/vec4 v0000015c0899ff90_0;
    %nor/r;
    %and;
T_1.2;
    %flag_set/vec4 8;
    %jmp/0xz  T_1.0, 8;
    %pushi/vec4 0, 0, 1;
    %store/vec4 v0000015c0899fef0_0, 0, 1;
    %load/vec4 v0000015c08a14e40_0;
    %dup/vec4;
    %pushi/vec4 0, 0, 2;
    %cmp/u;
    %jmp/1 T_1.4, 6;
    %dup/vec4;
    %pushi/vec4 1, 0, 2;
    %cmp/u;
    %jmp/1 T_1.5, 6;
    %dup/vec4;
    %pushi/vec4 2, 0, 2;
    %cmp/u;
    %jmp/1 T_1.6, 6;
    %dup/vec4;
    %pushi/vec4 3, 0, 2;
    %cmp/u;
    %jmp/1 T_1.7, 6;
    %pushi/vec4 255, 255, 8;
    %store/vec4 v0000015c08a14080_0, 0, 8;
    %pushi/vec4 1, 0, 64;
    %ix/vec4 4;
    %delayx 4;
    %load/vec4 v0000015c08a14080_0;
    %store/vec4 v0000015c0899fbd0_0, 0, 8;
    %jmp T_1.9;
T_1.4 ;
    %load/vec4 v0000015c08a144e0_0;
    %pad/u 5;
    %ix/vec4 4;
    %load/vec4a v0000015c08a15160, 4;
    %parti/s 8, 24, 6;
    %store/vec4 v0000015c0899f630_0, 0, 8;
    %pushi/vec4 1, 0, 64;
    %ix/vec4 4;
    %delayx 4;
    %load/vec4 v0000015c0899f630_0;
    %store/vec4 v0000015c0899fbd0_0, 0, 8;
    %jmp T_1.9;
T_1.5 ;
    %load/vec4 v0000015c08a144e0_0;
    %pad/u 5;
    %ix/vec4 4;
    %load/vec4a v0000015c08a15160, 4;
    %parti/s 8, 16, 6;
    %store/vec4 v0000015c0899f950_0, 0, 8;
    %pushi/vec4 1, 0, 64;
    %ix/vec4 4;
    %delayx 4;
    %load/vec4 v0000015c0899f950_0;
    %store/vec4 v0000015c0899fbd0_0, 0, 8;
    %jmp T_1.9;
T_1.6 ;
    %load/vec4 v0000015c08a144e0_0;
    %pad/u 5;
    %ix/vec4 4;
    %load/vec4a v0000015c08a15160, 4;
    %parti/s 8, 8, 5;
    %store/vec4 v0000015c0899f9f0_0, 0, 8;
    %pushi/vec4 1, 0, 64;
    %ix/vec4 4;
    %delayx 4;
    %load/vec4 v0000015c0899f9f0_0;
    %store/vec4 v0000015c0899fbd0_0, 0, 8;
    %jmp T_1.9;
T_1.7 ;
    %load/vec4 v0000015c08a144e0_0;
    %pad/u 5;
    %ix/vec4 4;
    %load/vec4a v0000015c08a15160, 4;
    %parti/s 8, 0, 2;
    %store/vec4 v0000015c08a15d40_0, 0, 8;
    %pushi/vec4 1, 0, 64;
    %ix/vec4 4;
    %delayx 4;
    %load/vec4 v0000015c08a15d40_0;
    %store/vec4 v0000015c0899fbd0_0, 0, 8;
    %jmp T_1.9;
T_1.9 ;
    %pop/vec4 1;
T_1.0 ;
    %jmp T_1;
    .thread T_1, $push;
    .scope S_0000015c08973460;
T_2 ;
    %wait E_0000015c089c1eb0;
    %load/vec4 v0000015c0899f770_0;
    %flag_set/vec4 10;
    %flag_get/vec4 10;
    %jmp/0 T_2.3, 10;
    %load/vec4 v0000015c0899ff90_0;
    %and;
T_2.3;
    %flag_set/vec4 9;
    %flag_get/vec4 9;
    %jmp/0 T_2.2, 9;
    %load/vec4 v0000015c0899fa90_0;
    %nor/r;
    %and;
T_2.2;
    %flag_set/vec4 8;
    %jmp/0xz  T_2.0, 8;
    %pushi/vec4 0, 0, 1;
    %store/vec4 v0000015c0899fef0_0, 0, 1;
    %load/vec4 v0000015c08a14e40_0;
    %dup/vec4;
    %pushi/vec4 0, 0, 2;
    %cmp/u;
    %jmp/1 T_2.4, 6;
    %dup/vec4;
    %pushi/vec4 1, 0, 2;
    %cmp/u;
    %jmp/1 T_2.5, 6;
    %dup/vec4;
    %pushi/vec4 2, 0, 2;
    %cmp/u;
    %jmp/1 T_2.6, 6;
    %dup/vec4;
    %pushi/vec4 3, 0, 2;
    %cmp/u;
    %jmp/1 T_2.7, 6;
    %jmp T_2.8;
T_2.4 ;
    %load/vec4 v0000015c0899f6d0_0;
    %store/vec4 v0000015c08a14580_0, 0, 8;
    %pushi/vec4 1, 0, 64;
    %ix/vec4 4;
    %delayx 4;
    %load/vec4 v0000015c08a14580_0;
    %load/vec4 v0000015c08a144e0_0;
    %pad/u 5;
    %ix/vec4 4;
    %flag_mov 8, 4;
    %ix/load 5, 24, 0;
    %flag_set/imm 4, 0;
    %flag_or 4, 8;
    %store/vec4a v0000015c08a15160, 4, 5;
    %jmp T_2.8;
T_2.5 ;
    %load/vec4 v0000015c0899f6d0_0;
    %store/vec4 v0000015c08a15a20_0, 0, 8;
    %pushi/vec4 1, 0, 64;
    %ix/vec4 4;
    %delayx 4;
    %load/vec4 v0000015c08a15a20_0;
    %load/vec4 v0000015c08a144e0_0;
    %pad/u 5;
    %ix/vec4 4;
    %flag_mov 8, 4;
    %ix/load 5, 16, 0;
    %flag_set/imm 4, 0;
    %flag_or 4, 8;
    %store/vec4a v0000015c08a15160, 4, 5;
    %jmp T_2.8;
T_2.6 ;
    %load/vec4 v0000015c0899f6d0_0;
    %store/vec4 v0000015c08a15020_0, 0, 8;
    %pushi/vec4 1, 0, 64;
    %ix/vec4 4;
    %delayx 4;
    %load/vec4 v0000015c08a15020_0;
    %load/vec4 v0000015c08a144e0_0;
    %pad/u 5;
    %ix/vec4 4;
    %flag_mov 8, 4;
    %ix/load 5, 8, 0;
    %flag_set/imm 4, 0;
    %flag_or 4, 8;
    %store/vec4a v0000015c08a15160, 4, 5;
    %jmp T_2.8;
T_2.7 ;
    %load/vec4 v0000015c0899f6d0_0;
    %store/vec4 v0000015c08a15ca0_0, 0, 8;
    %pushi/vec4 1, 0, 64;
    %ix/vec4 4;
    %delayx 4;
    %load/vec4 v0000015c08a15ca0_0;
    %load/vec4 v0000015c08a144e0_0;
    %pad/u 5;
    %ix/vec4 4;
    %flag_mov 8, 4;
    %ix/load 5, 0, 0;
    %flag_set/imm 4, 0;
    %flag_or 4, 8;
    %store/vec4a v0000015c08a15160, 4, 5;
    %jmp T_2.8;
T_2.8 ;
    %pop/vec4 1;
    %pushi/vec4 1, 0, 1;
    %load/vec4 v0000015c08a144e0_0;
    %pad/u 5;
    %ix/vec4 4;
    %flag_mov 8, 4;
    %ix/load 5, 35, 0;
    %flag_set/imm 4, 0;
    %flag_or 4, 8;
    %store/vec4a v0000015c08a15160, 4, 5;
    %pushi/vec4 1, 0, 1;
    %load/vec4 v0000015c08a144e0_0;
    %pad/u 5;
    %ix/vec4 4;
    %flag_mov 8, 4;
    %ix/load 5, 36, 0;
    %flag_set/imm 4, 0;
    %flag_or 4, 8;
    %store/vec4a v0000015c08a15160, 4, 5;
T_2.0 ;
    %jmp T_2;
    .thread T_2;
    .scope S_0000015c08973460;
T_3 ;
    %wait E_0000015c089c1e70;
    %load/vec4 v0000015c08a15de0_0;
    %dup/vec4;
    %pushi/vec4 0, 0, 3;
    %cmp/u;
    %jmp/1 T_3.0, 6;
    %dup/vec4;
    %pushi/vec4 1, 0, 3;
    %cmp/u;
    %jmp/1 T_3.1, 6;
    %dup/vec4;
    %pushi/vec4 2, 0, 3;
    %cmp/u;
    %jmp/1 T_3.2, 6;
    %dup/vec4;
    %pushi/vec4 3, 0, 3;
    %cmp/u;
    %jmp/1 T_3.3, 6;
    %jmp T_3.4;
T_3.0 ;
    %load/vec4 v0000015c0899fa90_0;
    %flag_set/vec4 10;
    %jmp/1 T_3.9, 10;
    %load/vec4 v0000015c0899ff90_0;
    %flag_set/vec4 11;
    %flag_or 10, 11;
T_3.9;
    %flag_get/vec4 10;
    %jmp/0 T_3.8, 10;
    %load/vec4 v0000015c089a0210_0;
    %nor/r;
    %and;
T_3.8;
    %flag_set/vec4 9;
    %flag_get/vec4 9;
    %jmp/0 T_3.7, 9;
    %load/vec4 v0000015c0899f770_0;
    %nor/r;
    %and;
T_3.7;
    %flag_set/vec4 8;
    %jmp/0xz  T_3.5, 8;
    %pushi/vec4 1, 0, 3;
    %store/vec4 v0000015c08a14c60_0, 0, 3;
    %jmp T_3.6;
T_3.5 ;
    %load/vec4 v0000015c0899fa90_0;
    %flag_set/vec4 10;
    %jmp/1 T_3.14, 10;
    %load/vec4 v0000015c0899ff90_0;
    %flag_set/vec4 11;
    %flag_or 10, 11;
T_3.14;
    %flag_get/vec4 10;
    %jmp/0 T_3.13, 10;
    %load/vec4 v0000015c089a0210_0;
    %and;
T_3.13;
    %flag_set/vec4 9;
    %flag_get/vec4 9;
    %jmp/0 T_3.12, 9;
    %load/vec4 v0000015c0899f770_0;
    %nor/r;
    %and;
T_3.12;
    %flag_set/vec4 8;
    %jmp/0xz  T_3.10, 8;
    %pushi/vec4 2, 0, 3;
    %store/vec4 v0000015c08a14c60_0, 0, 3;
    %jmp T_3.11;
T_3.10 ;
    %pushi/vec4 0, 0, 3;
    %store/vec4 v0000015c08a14c60_0, 0, 3;
T_3.11 ;
T_3.6 ;
    %jmp T_3.4;
T_3.1 ;
    %load/vec4 v0000015c08a14b20_0;
    %nor/r;
    %flag_set/vec4 8;
    %jmp/0xz  T_3.15, 8;
    %pushi/vec4 3, 0, 3;
    %store/vec4 v0000015c08a14c60_0, 0, 3;
    %jmp T_3.16;
T_3.15 ;
    %pushi/vec4 1, 0, 3;
    %store/vec4 v0000015c08a14c60_0, 0, 3;
T_3.16 ;
    %jmp T_3.4;
T_3.2 ;
    %load/vec4 v0000015c08a14b20_0;
    %nor/r;
    %flag_set/vec4 8;
    %jmp/0xz  T_3.17, 8;
    %pushi/vec4 1, 0, 3;
    %store/vec4 v0000015c08a14c60_0, 0, 3;
    %jmp T_3.18;
T_3.17 ;
    %pushi/vec4 2, 0, 3;
    %store/vec4 v0000015c08a14c60_0, 0, 3;
T_3.18 ;
    %jmp T_3.4;
T_3.3 ;
    %pushi/vec4 0, 0, 3;
    %store/vec4 v0000015c08a14c60_0, 0, 3;
    %jmp T_3.4;
T_3.4 ;
    %pop/vec4 1;
    %jmp T_3;
    .thread T_3, $push;
    .scope S_0000015c08973460;
T_4 ;
    %wait E_0000015c089c1970;
    %load/vec4 v0000015c08a15de0_0;
    %dup/vec4;
    %pushi/vec4 0, 0, 3;
    %cmp/u;
    %jmp/1 T_4.0, 6;
    %dup/vec4;
    %pushi/vec4 1, 0, 3;
    %cmp/u;
    %jmp/1 T_4.1, 6;
    %dup/vec4;
    %pushi/vec4 3, 0, 3;
    %cmp/u;
    %jmp/1 T_4.2, 6;
    %dup/vec4;
    %pushi/vec4 2, 0, 3;
    %cmp/u;
    %jmp/1 T_4.3, 6;
    %jmp T_4.4;
T_4.0 ;
    %pushi/vec4 0, 0, 1;
    %store/vec4 v0000015c08a14bc0_0, 0, 1;
    %pushi/vec4 0, 0, 1;
    %store/vec4 v0000015c08a146c0_0, 0, 1;
    %pushi/vec4 63, 63, 6;
    %store/vec4 v0000015c08a14440_0, 0, 6;
    %pushi/vec4 4294967295, 4294967295, 32;
    %store/vec4 v0000015c08a14260_0, 0, 32;
    %pushi/vec4 0, 0, 1;
    %store/vec4 v0000015c0899fef0_0, 0, 1;
    %jmp T_4.4;
T_4.1 ;
    %pushi/vec4 1, 0, 1;
    %store/vec4 v0000015c08a14bc0_0, 0, 1;
    %pushi/vec4 0, 0, 1;
    %store/vec4 v0000015c08a146c0_0, 0, 1;
    %load/vec4 v0000015c08a14da0_0;
    %load/vec4 v0000015c08a144e0_0;
    %concat/vec4; draw_concat_vec4
    %store/vec4 v0000015c08a14440_0, 0, 6;
    %pushi/vec4 4294967295, 4294967295, 32;
    %store/vec4 v0000015c08a14260_0, 0, 32;
    %pushi/vec4 1, 0, 1;
    %store/vec4 v0000015c0899fef0_0, 0, 1;
    %jmp T_4.4;
T_4.2 ;
    %pushi/vec4 0, 0, 1;
    %store/vec4 v0000015c08a14bc0_0, 0, 1;
    %pushi/vec4 0, 0, 1;
    %store/vec4 v0000015c08a146c0_0, 0, 1;
    %pushi/vec4 63, 63, 6;
    %store/vec4 v0000015c08a14440_0, 0, 6;
    %pushi/vec4 4294967295, 4294967295, 32;
    %store/vec4 v0000015c08a14260_0, 0, 32;
    %pushi/vec4 1, 0, 1;
    %store/vec4 v0000015c0899fef0_0, 0, 1;
    %load/vec4 v0000015c08a14620_0;
    %load/vec4 v0000015c08a144e0_0;
    %pad/u 5;
    %ix/vec4 4;
    %flag_mov 8, 4;
    %ix/load 5, 0, 0;
    %flag_set/imm 4, 0;
    %flag_or 4, 8;
    %store/vec4a v0000015c08a15160, 4, 5;
    %pushi/vec4 1, 0, 1;
    %load/vec4 v0000015c08a144e0_0;
    %pad/u 5;
    %ix/vec4 4;
    %flag_mov 8, 4;
    %ix/load 5, 36, 0;
    %flag_set/imm 4, 0;
    %flag_or 4, 8;
    %store/vec4a v0000015c08a15160, 4, 5;
    %pushi/vec4 0, 0, 1;
    %load/vec4 v0000015c08a144e0_0;
    %pad/u 5;
    %ix/vec4 4;
    %flag_mov 8, 4;
    %ix/load 5, 35, 0;
    %flag_set/imm 4, 0;
    %flag_or 4, 8;
    %store/vec4a v0000015c08a15160, 4, 5;
    %load/vec4 v0000015c08a14da0_0;
    %load/vec4 v0000015c08a144e0_0;
    %pad/u 5;
    %ix/vec4 4;
    %flag_mov 8, 4;
    %ix/load 5, 32, 0;
    %flag_set/imm 4, 0;
    %flag_or 4, 8;
    %store/vec4a v0000015c08a15160, 4, 5;
    %jmp T_4.4;
T_4.3 ;
    %pushi/vec4 0, 0, 1;
    %store/vec4 v0000015c08a14bc0_0, 0, 1;
    %pushi/vec4 1, 0, 1;
    %store/vec4 v0000015c08a146c0_0, 0, 1;
    %load/vec4 v0000015c08a14da0_0;
    %load/vec4 v0000015c08a144e0_0;
    %concat/vec4; draw_concat_vec4
    %store/vec4 v0000015c08a14440_0, 0, 6;
    %load/vec4 v0000015c08a144e0_0;
    %pad/u 5;
    %ix/vec4 4;
    %load/vec4a v0000015c08a15160, 4;
    %parti/s 32, 0, 2;
    %store/vec4 v0000015c08a14260_0, 0, 32;
    %pushi/vec4 1, 0, 1;
    %store/vec4 v0000015c0899fef0_0, 0, 1;
    %load/vec4 v0000015c08a14b20_0;
    %nor/r;
    %flag_set/vec4 8;
    %jmp/0xz  T_4.5, 8;
    %pushi/vec4 1, 0, 1;
    %load/vec4 v0000015c08a144e0_0;
    %pad/u 5;
    %ix/vec4 4;
    %flag_mov 8, 4;
    %ix/load 5, 36, 0;
    %flag_set/imm 4, 0;
    %flag_or 4, 8;
    %store/vec4a v0000015c08a15160, 4, 5;
    %pushi/vec4 0, 0, 1;
    %load/vec4 v0000015c08a144e0_0;
    %pad/u 5;
    %ix/vec4 4;
    %flag_mov 8, 4;
    %ix/load 5, 35, 0;
    %flag_set/imm 4, 0;
    %flag_or 4, 8;
    %store/vec4a v0000015c08a15160, 4, 5;
T_4.5 ;
    %jmp T_4.4;
T_4.4 ;
    %pop/vec4 1;
    %jmp T_4;
    .thread T_4, $push;
    .scope S_0000015c08973460;
T_5 ;
    %wait E_0000015c089c1530;
    %load/vec4 v0000015c08a15200_0;
    %flag_set/vec4 8;
    %jmp/0xz  T_5.0, 8;
    %pushi/vec4 0, 0, 3;
    %store/vec4 v0000015c08a15de0_0, 0, 3;
    %pushi/vec4 0, 0, 32;
    %store/vec4 v0000015c08a150c0_0, 0, 32;
T_5.2 ;
    %load/vec4 v0000015c08a150c0_0;
    %cmpi/s 8, 0, 32;
    %jmp/0xz T_5.3, 5;
    %pushi/vec4 0, 0, 1;
    %ix/getv/s 4, v0000015c08a150c0_0;
    %flag_mov 8, 4;
    %ix/load 5, 36, 0;
    %flag_set/imm 4, 0;
    %flag_or 4, 8;
    %store/vec4a v0000015c08a15160, 4, 5;
    %pushi/vec4 0, 0, 1;
    %ix/getv/s 4, v0000015c08a150c0_0;
    %flag_mov 8, 4;
    %ix/load 5, 35, 0;
    %flag_set/imm 4, 0;
    %flag_or 4, 8;
    %store/vec4a v0000015c08a15160, 4, 5;
    %pushi/vec4 0, 0, 3;
    %ix/getv/s 4, v0000015c08a150c0_0;
    %flag_mov 8, 4;
    %ix/load 5, 32, 0;
    %flag_set/imm 4, 0;
    %flag_or 4, 8;
    %store/vec4a v0000015c08a15160, 4, 5;
    %load/vec4 v0000015c08a150c0_0;
    %addi 1, 0, 32;
    %store/vec4 v0000015c08a150c0_0, 0, 32;
    %jmp T_5.2;
T_5.3 ;
    %jmp T_5.1;
T_5.0 ;
    %load/vec4 v0000015c08a14c60_0;
    %store/vec4 v0000015c08a15de0_0, 0, 3;
T_5.1 ;
    %jmp T_5;
    .thread T_5;
# The file index is used to find the file name in the following table.
:file_names 3;
    "N/A";
    "<interactive>";
    "dcacheFSM_skeleton.v";
