#! /c/Source/iverilog-install/bin/vvp
:ivl_version "12.0 (devel)" "(s20150603-1539-g2693dd32b)";
:ivl_delay_selection "TYPICAL";
:vpi_time_precision + 0;
:vpi_module "F:\iverilog\lib\ivl\system.vpi";
:vpi_module "F:\iverilog\lib\ivl\vhdl_sys.vpi";
:vpi_module "F:\iverilog\lib\ivl\vhdl_textio.vpi";
:vpi_module "F:\iverilog\lib\ivl\v2005_math.vpi";
:vpi_module "F:\iverilog\lib\ivl\va_math.vpi";
S_0000010a22826cf0 .scope module, "inst_cache" "inst_cache" 2 12;
 .timescale 0 0;
    .port_info 0 /INPUT 1 "clk";
    .port_info 1 /INPUT 32 "PC";
    .port_info 2 /INPUT 1 "reset";
    .port_info 3 /OUTPUT 32 "CPUinstruction";
    .port_info 4 /OUTPUT 1 "CPUbusywait";
    .port_info 5 /INPUT 128 "readinst";
    .port_info 6 /INPUT 1 "inst_mem_busywait";
    .port_info 7 /OUTPUT 1 "inst_mem_read";
    .port_info 8 /OUTPUT 6 "inst_mem_address";
P_0000010a22826e80 .param/l "CACHE_UPDATE" 0 2 94, C4<011>;
P_0000010a22826eb8 .param/l "IDLE" 0 2 94, C4<000>;
P_0000010a22826ef0 .param/l "MEM_READ" 0 2 94, C4<001>;
L_0000010a2287b7a0/d .functor AND 1, L_0000010a228d6320, L_0000010a228d60a0, C4<1>, C4<1>;
L_0000010a2287b7a0 .delay 1 (1,1,1) L_0000010a2287b7a0/d;
v0000010a2286e920_0 .var "CPUbusywait", 0 0;
v0000010a2286dca0_0 .var "CPUinstruction", 31 0;
v0000010a2286e9c0_0 .net "Hit", 0 0, L_0000010a2287b7a0;  1 drivers
o0000010a22882008 .functor BUFZ 32, C4<zzzzzzzzzzzzzzzzzzzzzzzzzzzzzzzz>; HiZ drive
v0000010a2286de80_0 .net "PC", 31 0, o0000010a22882008;  0 drivers
L_0000010a228d7028 .functor BUFT 1, C4<00>, C4<0>, C4<0>, C4<0>;
v0000010a2286e060_0 .net *"_ivl_11", 1 0, L_0000010a228d7028;  1 drivers
v0000010a2286ea60_0 .net *"_ivl_13", 0 0, L_0000010a228d6320;  1 drivers
v0000010a2286e420_0 .net *"_ivl_14", 131 0, L_0000010a228d6000;  1 drivers
v0000010a2286e240_0 .net *"_ivl_16", 4 0, L_0000010a228d6be0;  1 drivers
L_0000010a228d7070 .functor BUFT 1, C4<00>, C4<0>, C4<0>, C4<0>;
v0000010a2286e4c0_0 .net *"_ivl_19", 1 0, L_0000010a228d7070;  1 drivers
v0000010a2286eb00_0 .net *"_ivl_21", 2 0, L_0000010a228d5240;  1 drivers
v0000010a2286e7e0_0 .net *"_ivl_22", 0 0, L_0000010a228d60a0;  1 drivers
v0000010a2286e380_0 .net *"_ivl_6", 131 0, L_0000010a228d5420;  1 drivers
v0000010a2286dd40_0 .net *"_ivl_8", 4 0, L_0000010a228d5b00;  1 drivers
v0000010a2286dc00 .array "cache", 0 7, 131 0;
o0000010a22882368 .functor BUFZ 1, C4<z>; HiZ drive
v0000010a2286dde0_0 .net "clk", 0 0, o0000010a22882368;  0 drivers
v0000010a2286e6a0_0 .var/i "i", 31 0;
v0000010a2286e100_0 .net "index", 2 0, L_0000010a228d6d20;  1 drivers
v0000010a2286e560_0 .var "inst_mem_address", 5 0;
o0000010a22882428 .functor BUFZ 1, C4<z>; HiZ drive
v0000010a2286e1a0_0 .net "inst_mem_busywait", 0 0, o0000010a22882428;  0 drivers
v0000010a2286e2e0_0 .var "inst_mem_read", 0 0;
v0000010a2286e740_0 .var "next_state", 2 0;
v0000010a2286e600_0 .net "offset", 1 0, L_0000010a228d5100;  1 drivers
o0000010a228824e8 .functor BUFZ 128, C4<zzzzzzzzzzzzzzzzzzzzzzzzzzzzzzzzzzzzzzzzzzzzzzzzzzzzzzzzzzzzzzzzzzzzzzzzzzzzzzzzzzzzzzzzzzzzzzzzzzzzzzzzzzzzzzzzzzzzzzzzzzzzzzzz>; HiZ drive
v0000010a2286e880_0 .net "readinst", 127 0, o0000010a228824e8;  0 drivers
o0000010a22882518 .functor BUFZ 1, C4<z>; HiZ drive
v0000010a228d5f60_0 .net "reset", 0 0, o0000010a22882518;  0 drivers
v0000010a228d5a60_0 .var "state", 2 0;
v0000010a228d5740_0 .net "tag", 2 0, L_0000010a228d6820;  1 drivers
E_0000010a22869b50 .event posedge, v0000010a228d5f60_0, v0000010a2286dde0_0;
E_0000010a2286a250 .event anyedge, v0000010a228d5a60_0, v0000010a228d5740_0, v0000010a2286e100_0, v0000010a2286e2e0_0;
E_0000010a22869e50 .event anyedge, v0000010a228d5a60_0, v0000010a2286e9c0_0, v0000010a2286e1a0_0;
v0000010a2286dc00_0 .array/port v0000010a2286dc00, 0;
E_0000010a22869c90/0 .event anyedge, v0000010a2286e9c0_0, v0000010a2286e600_0, v0000010a2286e100_0, v0000010a2286dc00_0;
v0000010a2286dc00_1 .array/port v0000010a2286dc00, 1;
v0000010a2286dc00_2 .array/port v0000010a2286dc00, 2;
v0000010a2286dc00_3 .array/port v0000010a2286dc00, 3;
v0000010a2286dc00_4 .array/port v0000010a2286dc00, 4;
E_0000010a22869c90/1 .event anyedge, v0000010a2286dc00_1, v0000010a2286dc00_2, v0000010a2286dc00_3, v0000010a2286dc00_4;
v0000010a2286dc00_5 .array/port v0000010a2286dc00, 5;
v0000010a2286dc00_6 .array/port v0000010a2286dc00, 6;
v0000010a2286dc00_7 .array/port v0000010a2286dc00, 7;
E_0000010a22869c90/2 .event anyedge, v0000010a2286dc00_5, v0000010a2286dc00_6, v0000010a2286dc00_7;
E_0000010a22869c90 .event/or E_0000010a22869c90/0, E_0000010a22869c90/1, E_0000010a22869c90/2;
E_0000010a2286a5d0 .event anyedge, v0000010a2286dde0_0;
E_0000010a22869d90 .event anyedge, v0000010a2286de80_0;
L_0000010a228d5100 .delay 2 (1,1,1) L_0000010a228d5100/d;
L_0000010a228d5100/d .part o0000010a22882008, 2, 2;
L_0000010a228d6d20 .delay 3 (1,1,1) L_0000010a228d6d20/d;
L_0000010a228d6d20/d .part o0000010a22882008, 4, 3;
L_0000010a228d6820 .delay 3 (1,1,1) L_0000010a228d6820/d;
L_0000010a228d6820/d .part o0000010a22882008, 7, 3;
L_0000010a228d5420 .array/port v0000010a2286dc00, L_0000010a228d5b00;
L_0000010a228d5b00 .concat [ 3 2 0 0], L_0000010a228d6d20, L_0000010a228d7028;
L_0000010a228d6320 .part L_0000010a228d5420, 131, 1;
L_0000010a228d6000 .array/port v0000010a2286dc00, L_0000010a228d6be0;
L_0000010a228d6be0 .concat [ 3 2 0 0], L_0000010a228d6d20, L_0000010a228d7070;
L_0000010a228d5240 .part L_0000010a228d6000, 128, 3;
L_0000010a228d60a0 .cmp/eq 3, L_0000010a228d5240, L_0000010a228d6820;
    .scope S_0000010a22826cf0;
T_0 ;
    %wait E_0000010a22869d90;
    %pushi/vec4 1, 0, 1;
    %store/vec4 v0000010a2286e920_0, 0, 1;
    %jmp T_0;
    .thread T_0, $push;
    .scope S_0000010a22826cf0;
T_1 ;
    %wait E_0000010a2286a5d0;
    %load/vec4 v0000010a2286e9c0_0;
    %flag_set/vec4 8;
    %jmp/0xz  T_1.0, 8;
    %pushi/vec4 0, 0, 1;
    %store/vec4 v0000010a2286e920_0, 0, 1;
T_1.0 ;
    %jmp T_1;
    .thread T_1, $push;
    .scope S_0000010a22826cf0;
T_2 ;
    %wait E_0000010a22869c90;
    %load/vec4 v0000010a2286e9c0_0;
    %flag_set/vec4 8;
    %jmp/0xz  T_2.0, 8;
    %load/vec4 v0000010a2286e600_0;
    %dup/vec4;
    %pushi/vec4 0, 0, 2;
    %cmp/u;
    %jmp/1 T_2.2, 6;
    %dup/vec4;
    %pushi/vec4 1, 0, 2;
    %cmp/u;
    %jmp/1 T_2.3, 6;
    %dup/vec4;
    %pushi/vec4 2, 0, 2;
    %cmp/u;
    %jmp/1 T_2.4, 6;
    %dup/vec4;
    %pushi/vec4 3, 0, 2;
    %cmp/u;
    %jmp/1 T_2.5, 6;
    %pushi/vec4 4294967295, 4294967295, 32;
    %store/vec4 v0000010a2286dca0_0, 0, 32;
    %jmp T_2.7;
T_2.2 ;
    %load/vec4 v0000010a2286e100_0;
    %pad/u 5;
    %ix/vec4 4;
    %load/vec4a v0000010a2286dc00, 4;
    %parti/s 32, 96, 8;
    %store/vec4 v0000010a2286dca0_0, 0, 32;
    %jmp T_2.7;
T_2.3 ;
    %load/vec4 v0000010a2286e100_0;
    %pad/u 5;
    %ix/vec4 4;
    %load/vec4a v0000010a2286dc00, 4;
    %parti/s 32, 64, 8;
    %store/vec4 v0000010a2286dca0_0, 0, 32;
    %jmp T_2.7;
T_2.4 ;
    %load/vec4 v0000010a2286e100_0;
    %pad/u 5;
    %ix/vec4 4;
    %load/vec4a v0000010a2286dc00, 4;
    %parti/s 32, 32, 7;
    %store/vec4 v0000010a2286dca0_0, 0, 32;
    %jmp T_2.7;
T_2.5 ;
    %load/vec4 v0000010a2286e100_0;
    %pad/u 5;
    %ix/vec4 4;
    %load/vec4a v0000010a2286dc00, 4;
    %parti/s 32, 0, 2;
    %store/vec4 v0000010a2286dca0_0, 0, 32;
    %jmp T_2.7;
T_2.7 ;
    %pop/vec4 1;
T_2.0 ;
    %jmp T_2;
    .thread T_2, $push;
    .scope S_0000010a22826cf0;
T_3 ;
    %wait E_0000010a22869e50;
    %load/vec4 v0000010a228d5a60_0;
    %dup/vec4;
    %pushi/vec4 0, 0, 3;
    %cmp/u;
    %jmp/1 T_3.0, 6;
    %dup/vec4;
    %pushi/vec4 1, 0, 3;
    %cmp/u;
    %jmp/1 T_3.1, 6;
    %dup/vec4;
    %pushi/vec4 3, 0, 3;
    %cmp/u;
    %jmp/1 T_3.2, 6;
    %jmp T_3.3;
T_3.0 ;
    %load/vec4 v0000010a2286e9c0_0;
    %nor/r;
    %flag_set/vec4 8;
    %jmp/0xz  T_3.4, 8;
    %pushi/vec4 1, 0, 3;
    %store/vec4 v0000010a2286e740_0, 0, 3;
    %jmp T_3.5;
T_3.4 ;
    %pushi/vec4 0, 0, 3;
    %store/vec4 v0000010a2286e740_0, 0, 3;
T_3.5 ;
    %jmp T_3.3;
T_3.1 ;
    %load/vec4 v0000010a2286e1a0_0;
    %nor/r;
    %flag_set/vec4 8;
    %jmp/0xz  T_3.6, 8;
    %pushi/vec4 3, 0, 3;
    %store/vec4 v0000010a2286e740_0, 0, 3;
    %jmp T_3.7;
T_3.6 ;
    %pushi/vec4 1, 0, 3;
    %store/vec4 v0000010a2286e740_0, 0, 3;
T_3.7 ;
    %jmp T_3.3;
T_3.2 ;
    %pushi/vec4 0, 0, 3;
    %store/vec4 v0000010a2286e740_0, 0, 3;
    %jmp T_3.3;
T_3.3 ;
    %pop/vec4 1;
    %jmp T_3;
    .thread T_3, $push;
    .scope S_0000010a22826cf0;
T_4 ;
    %wait E_0000010a2286a250;
    %load/vec4 v0000010a228d5a60_0;
    %dup/vec4;
    %pushi/vec4 0, 0, 3;
    %cmp/u;
    %jmp/1 T_4.0, 6;
    %dup/vec4;
    %pushi/vec4 1, 0, 3;
    %cmp/u;
    %jmp/1 T_4.1, 6;
    %dup/vec4;
    %pushi/vec4 3, 0, 3;
    %cmp/u;
    %jmp/1 T_4.2, 6;
    %jmp T_4.3;
T_4.0 ;
    %pushi/vec4 0, 0, 1;
    %store/vec4 v0000010a2286e2e0_0, 0, 1;
    %pushi/vec4 63, 63, 6;
    %store/vec4 v0000010a2286e560_0, 0, 6;
    %jmp T_4.3;
T_4.1 ;
    %pushi/vec4 1, 0, 1;
    %store/vec4 v0000010a2286e2e0_0, 0, 1;
    %load/vec4 v0000010a228d5740_0;
    %load/vec4 v0000010a2286e100_0;
    %concat/vec4; draw_concat_vec4
    %store/vec4 v0000010a2286e560_0, 0, 6;
    %pushi/vec4 1, 0, 1;
    %store/vec4 v0000010a2286e920_0, 0, 1;
    %jmp T_4.3;
T_4.2 ;
    %pushi/vec4 0, 0, 1;
    %store/vec4 v0000010a2286e2e0_0, 0, 1;
    %pushi/vec4 63, 63, 6;
    %store/vec4 v0000010a2286e560_0, 0, 6;
    %pushi/vec4 1, 0, 1;
    %store/vec4 v0000010a2286e920_0, 0, 1;
    %load/vec4 v0000010a2286e2e0_0;
    %pad/u 128;
    %load/vec4 v0000010a2286e100_0;
    %pad/u 5;
    %ix/vec4 4;
    %flag_mov 8, 4;
    %ix/load 5, 0, 0;
    %flag_set/imm 4, 0;
    %flag_or 4, 8;
    %store/vec4a v0000010a2286dc00, 4, 5;
    %pushi/vec4 1, 0, 1;
    %load/vec4 v0000010a2286e100_0;
    %pad/u 5;
    %ix/vec4 4;
    %flag_mov 8, 4;
    %ix/load 5, 131, 0;
    %flag_set/imm 4, 0;
    %flag_or 4, 8;
    %store/vec4a v0000010a2286dc00, 4, 5;
    %load/vec4 v0000010a228d5740_0;
    %load/vec4 v0000010a2286e100_0;
    %pad/u 5;
    %ix/vec4 4;
    %flag_mov 8, 4;
    %ix/load 5, 128, 0;
    %flag_set/imm 4, 0;
    %flag_or 4, 8;
    %store/vec4a v0000010a2286dc00, 4, 5;
    %jmp T_4.3;
T_4.3 ;
    %pop/vec4 1;
    %jmp T_4;
    .thread T_4, $push;
    .scope S_0000010a22826cf0;
T_5 ;
    %wait E_0000010a22869b50;
    %load/vec4 v0000010a228d5f60_0;
    %flag_set/vec4 8;
    %jmp/0xz  T_5.0, 8;
    %pushi/vec4 0, 0, 3;
    %store/vec4 v0000010a228d5a60_0, 0, 3;
    %pushi/vec4 0, 0, 32;
    %store/vec4 v0000010a2286e6a0_0, 0, 32;
T_5.2 ;
    %load/vec4 v0000010a2286e6a0_0;
    %cmpi/s 8, 0, 32;
    %jmp/0xz T_5.3, 5;
    %pushi/vec4 0, 0, 1;
    %ix/getv/s 4, v0000010a2286e6a0_0;
    %flag_mov 8, 4;
    %ix/load 5, 131, 0;
    %flag_set/imm 4, 0;
    %flag_or 4, 8;
    %store/vec4a v0000010a2286dc00, 4, 5;
    %pushi/vec4 0, 0, 3;
    %ix/getv/s 4, v0000010a2286e6a0_0;
    %flag_mov 8, 4;
    %ix/load 5, 128, 0;
    %flag_set/imm 4, 0;
    %flag_or 4, 8;
    %store/vec4a v0000010a2286dc00, 4, 5;
    %load/vec4 v0000010a2286e6a0_0;
    %addi 1, 0, 32;
    %store/vec4 v0000010a2286e6a0_0, 0, 32;
    %jmp T_5.2;
T_5.3 ;
    %jmp T_5.1;
T_5.0 ;
    %load/vec4 v0000010a2286e740_0;
    %store/vec4 v0000010a228d5a60_0, 0, 3;
T_5.1 ;
    %jmp T_5;
    .thread T_5;
# The file index is used to find the file name in the following table.
:file_names 3;
    "N/A";
    "<interactive>";
    "inst_cache.v";
