#! /c/Source/iverilog-install/bin/vvp
:ivl_version "12.0 (devel)" "(s20150603-1539-g2693dd32b)";
:ivl_delay_selection "TYPICAL";
:vpi_time_precision + 0;
:vpi_module "D:\verilog\iverilog\lib\ivl\system.vpi";
:vpi_module "D:\verilog\iverilog\lib\ivl\vhdl_sys.vpi";
:vpi_module "D:\verilog\iverilog\lib\ivl\vhdl_textio.vpi";
:vpi_module "D:\verilog\iverilog\lib\ivl\v2005_math.vpi";
:vpi_module "D:\verilog\iverilog\lib\ivl\va_math.vpi";
S_0000029c24ea2d20 .scope module, "mux2x1" "mux2x1" 2 1;
 .timescale 0 0;
    .port_info 0 /INPUT 8 "input1";
    .port_info 1 /INPUT 8 "input2";
    .port_info 2 /INPUT 1 "select";
    .port_info 3 /OUTPUT 8 "out";
o0000029c24ed6fd8 .functor BUFZ 8, C4<zzzzzzzz>; HiZ drive
v0000029c24ea2eb0_0 .net "input1", 7 0, o0000029c24ed6fd8;  0 drivers
o0000029c24ed7008 .functor BUFZ 8, C4<zzzzzzzz>; HiZ drive
v0000029c24ea2f50_0 .net "input2", 7 0, o0000029c24ed7008;  0 drivers
v0000029c24ea2ff0_0 .var "out", 7 0;
o0000029c24ed7068 .functor BUFZ 1, C4<z>; HiZ drive
v0000029c24ea3090_0 .net "select", 0 0, o0000029c24ed7068;  0 drivers
E_0000029c24ed4c80 .event anyedge, v0000029c24ea3090_0, v0000029c24ea2f50_0, v0000029c24ea2eb0_0;
    .scope S_0000029c24ea2d20;
T_0 ;
    %wait E_0000029c24ed4c80;
    %load/vec4 v0000029c24ea3090_0;
    %cmpi/e 0, 0, 1;
    %jmp/0xz  T_0.0, 4;
    %load/vec4 v0000029c24ea2eb0_0;
    %store/vec4 v0000029c24ea2ff0_0, 0, 8;
    %jmp T_0.1;
T_0.0 ;
    %load/vec4 v0000029c24ea2f50_0;
    %store/vec4 v0000029c24ea2ff0_0, 0, 8;
T_0.1 ;
    %jmp T_0;
    .thread T_0, $push;
# The file index is used to find the file name in the following table.
:file_names 3;
    "N/A";
    "<interactive>";
    "mux2x1.v";
