#! /c/Source/iverilog-install/bin/vvp
:ivl_version "12.0 (devel)" "(s20150603-1539-g2693dd32b)";
:ivl_delay_selection "TYPICAL";
:vpi_time_precision + 0;
:vpi_module "D:\verilog\iverilog\lib\ivl\system.vpi";
:vpi_module "D:\verilog\iverilog\lib\ivl\vhdl_sys.vpi";
:vpi_module "D:\verilog\iverilog\lib\ivl\vhdl_textio.vpi";
:vpi_module "D:\verilog\iverilog\lib\ivl\v2005_math.vpi";
:vpi_module "D:\verilog\iverilog\lib\ivl\va_math.vpi";
S_000001f7fabc1580 .scope module, "mux32bit_control" "mux32bit_control" 2 1;
 .timescale 0 0;
    .port_info 0 /INPUT 1 "zero";
    .port_info 1 /INPUT 1 "jump";
    .port_info 2 /INPUT 1 "branch";
    .port_info 3 /INPUT 1 "bne";
    .port_info 4 /OUTPUT 1 "result";
o000001f7fac04a58 .functor BUFZ 1, C4<z>; HiZ drive
v000001f7fabc1a30_0 .net "bne", 0 0, o000001f7fac04a58;  0 drivers
o000001f7fac04a88 .functor BUFZ 1, C4<z>; HiZ drive
v000001f7fabc1710_0 .net "branch", 0 0, o000001f7fac04a88;  0 drivers
o000001f7fac04ab8 .functor BUFZ 1, C4<z>; HiZ drive
v000001f7fabc17b0_0 .net "jump", 0 0, o000001f7fac04ab8;  0 drivers
v000001f7fabc1850_0 .var "result", 0 0;
o000001f7fac04b18 .functor BUFZ 1, C4<z>; HiZ drive
v000001f7fabccdd0_0 .net "zero", 0 0, o000001f7fac04b18;  0 drivers
E_000001f7fabcd630 .event anyedge, v000001f7fabccdd0_0, v000001f7fabc1710_0, v000001f7fabc17b0_0, v000001f7fabc1a30_0;
    .scope S_000001f7fabc1580;
T_0 ;
    %wait E_000001f7fabcd630;
    %load/vec4 v000001f7fabccdd0_0;
    %load/vec4 v000001f7fabc1710_0;
    %and;
    %load/vec4 v000001f7fabc17b0_0;
    %or;
    %load/vec4 v000001f7fabccdd0_0;
    %inv;
    %load/vec4 v000001f7fabc1a30_0;
    %and;
    %or;
    %store/vec4 v000001f7fabc1850_0, 0, 1;
    %jmp T_0;
    .thread T_0, $push;
# The file index is used to find the file name in the following table.
:file_names 3;
    "N/A";
    "<interactive>";
    "32bitmux_control.v";
