#! /c/Source/iverilog-install/bin/vvp
:ivl_version "12.0 (devel)" "(s20150603-1539-g2693dd32b)";
:ivl_delay_selection "TYPICAL";
:vpi_time_precision + 0;
:vpi_module "D:\verilog\iverilog\lib\ivl\system.vpi";
:vpi_module "D:\verilog\iverilog\lib\ivl\vhdl_sys.vpi";
:vpi_module "D:\verilog\iverilog\lib\ivl\vhdl_textio.vpi";
:vpi_module "D:\verilog\iverilog\lib\ivl\v2005_math.vpi";
:vpi_module "D:\verilog\iverilog\lib\ivl\va_math.vpi";
S_000001d8a8c82df0 .scope module, "zero_out" "zero_out" 2 1;
 .timescale 0 0;
    .port_info 0 /INPUT 8 "result";
    .port_info 1 /OUTPUT 1 "data";
v000001d8a8c834d0_0 .var "data", 0 0;
o000001d8a8cb6f58 .functor BUFZ 8, C4<zzzzzzzz>; HiZ drive
v000001d8a8c83760_0 .net "result", 7 0, o000001d8a8cb6f58;  0 drivers
E_000001d8a8cb5100 .event anyedge, v000001d8a8c83760_0;
    .scope S_000001d8a8c82df0;
T_0 ;
    %wait E_000001d8a8cb5100;
    %load/vec4 v000001d8a8c83760_0;
    %cmpi/e 0, 0, 8;
    %jmp/0xz  T_0.0, 4;
    %pushi/vec4 1, 0, 1;
    %store/vec4 v000001d8a8c834d0_0, 0, 1;
    %jmp T_0.1;
T_0.0 ;
    %pushi/vec4 0, 0, 1;
    %store/vec4 v000001d8a8c834d0_0, 0, 1;
T_0.1 ;
    %jmp T_0;
    .thread T_0, $push;
# The file index is used to find the file name in the following table.
:file_names 3;
    "N/A";
    "<interactive>";
    "zero.v";
