#! /c/Source/iverilog-install/bin/vvp
:ivl_version "12.0 (devel)" "(s20150603-1539-g2693dd32b)";
:ivl_delay_selection "TYPICAL";
:vpi_time_precision + 0;
:vpi_module "D:\verilog\iverilog\lib\ivl\system.vpi";
:vpi_module "D:\verilog\iverilog\lib\ivl\vhdl_sys.vpi";
:vpi_module "D:\verilog\iverilog\lib\ivl\vhdl_textio.vpi";
:vpi_module "D:\verilog\iverilog\lib\ivl\v2005_math.vpi";
:vpi_module "D:\verilog\iverilog\lib\ivl\va_math.vpi";
S_0000017c84956720 .scope module, "adder32bit" "adder32bit" 2 1;
 .timescale 0 0;
    .port_info 0 /INPUT 32 "data1";
    .port_info 1 /INPUT 32 "data2";
    .port_info 2 /OUTPUT 32 "result";
o0000017c8499d188 .functor BUFZ 32, C4<zzzzzzzzzzzzzzzzzzzzzzzzzzzzzzzz>; HiZ drive
v0000017c849977e0_0 .net "data1", 31 0, o0000017c8499d188;  0 drivers
o0000017c8499d1b8 .functor BUFZ 32, C4<zzzzzzzzzzzzzzzzzzzzzzzzzzzzzzzz>; HiZ drive
v0000017c84997a60_0 .net "data2", 31 0, o0000017c8499d1b8;  0 drivers
v0000017c84996ac0_0 .net "result", 31 0, L_0000017c84a03570;  1 drivers
L_0000017c84a03570 .delay 32 (2,2,2) L_0000017c84a03570/d;
L_0000017c84a03570/d .arith/sum 32, o0000017c8499d188, o0000017c8499d1b8;
S_0000017c849568b0 .scope module, "cpu" "cpu" 3 16;
 .timescale 0 0;
    .port_info 0 /OUTPUT 32 "PC_data";
    .port_info 1 /INPUT 32 "INSTRUCTION";
    .port_info 2 /INPUT 1 "CLK";
    .port_info 3 /INPUT 1 "RESET";
v0000017c849fe970_0 .net "ALUop", 2 0, v0000017c849fc710_0;  1 drivers
o0000017c8499f018 .functor BUFZ 1, C4<z>; HiZ drive
v0000017c849fe3d0_0 .net "CLK", 0 0, o0000017c8499f018;  0 drivers
v0000017c849fe470_0 .net "I12", 7 0, v0000017c849fb6d0_0;  1 drivers
o0000017c8499e988 .functor BUFZ 32, C4<zzzzzzzzzzzzzzzzzzzzzzzzzzzzzzzz>; HiZ drive
v0000017c849ffc30_0 .net "INSTRUCTION", 31 0, o0000017c8499e988;  0 drivers
v0000017c849ff2d0_0 .net "PC_data", 31 0, v0000017c849fc850_0;  1 drivers
o0000017c8499f0a8 .functor BUFZ 1, C4<z>; HiZ drive
v0000017c849ff230_0 .net "RESET", 0 0, o0000017c8499f0a8;  0 drivers
v0000017c849ffd70_0 .net "beq", 0 0, v0000017c849fc030_0;  1 drivers
v0000017c849ff5f0_0 .net "bne", 0 0, v0000017c849fc0d0_0;  1 drivers
v0000017c849ff730_0 .net "extendedvalue", 31 0, v0000017c849fef10_0;  1 drivers
v0000017c849fea10_0 .net "immediate", 7 0, v0000017c849fb450_0;  1 drivers
v0000017c849ffeb0_0 .net "islogicalorisleft", 1 0, v0000017c849fc170_0;  1 drivers
v0000017c849fff50_0 .net "isregout", 0 0, v0000017c849fb130_0;  1 drivers
v0000017c849fefb0_0 .net "istwoscomp", 0 0, v0000017c849fc210_0;  1 drivers
v0000017c849fe150_0 .net "jump", 0 0, v0000017c849fb3b0_0;  1 drivers
v0000017c849ff870_0 .net "jumpOrbranch", 7 0, v0000017c849fc990_0;  1 drivers
v0000017c849fe650_0 .net "leftshiftout", 31 0, L_0000017c84a037f0;  1 drivers
v0000017c849fe290_0 .net "muxcontrol", 0 0, v0000017c849fbb30_0;  1 drivers
v0000017c849ff4b0_0 .net "opcode", 7 0, v0000017c849fc2b0_0;  1 drivers
v0000017c849feab0_0 .net "readreg1", 2 0, v0000017c849fb270_0;  1 drivers
v0000017c849ff370_0 .net "readreg2", 2 0, v0000017c849fcdf0_0;  1 drivers
v0000017c849febf0_0 .net "regout1", 7 0, L_0000017c84995350;  1 drivers
v0000017c849fec90_0 .net "regout2", 7 0, L_0000017c849953c0;  1 drivers
v0000017c849ff0f0_0 .net "regout2ORimmediate", 7 0, v0000017c849fb9f0_0;  1 drivers
v0000017c849ff7d0_0 .net "twoscompout", 7 0, v0000017c849fed30_0;  1 drivers
v0000017c849ff410_0 .net "writeanable", 0 0, v0000017c849fb590_0;  1 drivers
v0000017c849fedd0_0 .net "writedata", 7 0, v0000017c84996ca0_0;  1 drivers
v0000017c849fee70_0 .net "writereg", 2 0, v0000017c849fcad0_0;  1 drivers
v0000017c849ff550_0 .net "zero", 0 0, v0000017c849fc5d0_0;  1 drivers
S_0000017c8494d4c0 .scope module, "alu" "ALUUnit" 3 48, 4 131 0, S_0000017c849568b0;
 .timescale 0 0;
    .port_info 0 /INPUT 8 "data1";
    .port_info 1 /INPUT 8 "data2";
    .port_info 2 /INPUT 3 "select";
    .port_info 3 /OUTPUT 8 "result";
    .port_info 4 /OUTPUT 1 "zero";
    .port_info 5 /INPUT 2 "islogicalorisleft";
v0000017c849f61a0_0 .net "Ii1", 7 0, L_0000017c84995c10;  1 drivers
v0000017c849f78c0_0 .net "Ii2", 7 0, L_0000017c84a028f0;  1 drivers
v0000017c849f6b00_0 .net "Ii3", 7 0, L_0000017c84995430;  1 drivers
v0000017c849f6ba0_0 .net "Ii4", 7 0, L_0000017c84995200;  1 drivers
v0000017c849fb090_0 .net "Ii5", 7 0, v0000017c849963e0_0;  1 drivers
v0000017c849fc8f0_0 .net "data1", 7 0, L_0000017c84995350;  alias, 1 drivers
v0000017c849fcb70_0 .net "data2", 7 0, v0000017c849fb9f0_0;  alias, 1 drivers
v0000017c849fb310_0 .net "islogicalorisleft", 1 0, v0000017c849fc170_0;  alias, 1 drivers
v0000017c849fb630_0 .net "result", 7 0, v0000017c84996ca0_0;  alias, 1 drivers
v0000017c849fc3f0_0 .net "select", 2 0, v0000017c849fc710_0;  alias, 1 drivers
v0000017c849fc5d0_0 .var "zero", 0 0;
E_0000017c849815a0 .event anyedge, v0000017c84996ca0_0;
S_0000017c8494d650 .scope module, "add" "AddUnit" 4 151, 4 10 0, S_0000017c8494d4c0;
 .timescale 0 0;
    .port_info 0 /INPUT 8 "data1";
    .port_info 1 /INPUT 8 "data2";
    .port_info 2 /OUTPUT 8 "result";
v0000017c84997f60_0 .net "data1", 7 0, L_0000017c84995350;  alias, 1 drivers
v0000017c849971a0_0 .net "data2", 7 0, v0000017c849fb9f0_0;  alias, 1 drivers
v0000017c84997600_0 .net "result", 7 0, L_0000017c84a028f0;  alias, 1 drivers
L_0000017c84a028f0 .delay 8 (2,2,2) L_0000017c84a028f0/d;
L_0000017c84a028f0/d .arith/sum 8, L_0000017c84995350, v0000017c849fb9f0_0;
S_0000017c84957120 .scope module, "and1" "AndUnit" 4 152, 4 16 0, S_0000017c8494d4c0;
 .timescale 0 0;
    .port_info 0 /INPUT 8 "data1";
    .port_info 1 /INPUT 8 "data2";
    .port_info 2 /OUTPUT 8 "result";
L_0000017c84995430/d .functor AND 8, L_0000017c84995350, v0000017c849fb9f0_0, C4<11111111>, C4<11111111>;
L_0000017c84995430 .delay 8 (1,1,1) L_0000017c84995430/d;
v0000017c84996480_0 .net "data1", 7 0, L_0000017c84995350;  alias, 1 drivers
v0000017c84996c00_0 .net "data2", 7 0, v0000017c849fb9f0_0;  alias, 1 drivers
v0000017c849979c0_0 .net "result", 7 0, L_0000017c84995430;  alias, 1 drivers
S_0000017c849572b0 .scope module, "forward" "ForwardUnit" 4 150, 4 4 0, S_0000017c8494d4c0;
 .timescale 0 0;
    .port_info 0 /INPUT 8 "data2";
    .port_info 1 /OUTPUT 8 "result";
L_0000017c84995c10/d .functor BUFZ 8, v0000017c849fb9f0_0, C4<00000000>, C4<00000000>, C4<00000000>;
L_0000017c84995c10 .delay 8 (1,1,1) L_0000017c84995c10/d;
v0000017c849962a0_0 .net "data2", 7 0, v0000017c849fb9f0_0;  alias, 1 drivers
v0000017c849972e0_0 .net "result", 7 0, L_0000017c84995c10;  alias, 1 drivers
S_0000017c84956c20 .scope module, "mux" "MuxUnit" 4 155, 4 113 0, S_0000017c8494d4c0;
 .timescale 0 0;
    .port_info 0 /INPUT 8 "I1";
    .port_info 1 /INPUT 8 "I2";
    .port_info 2 /INPUT 8 "I3";
    .port_info 3 /INPUT 8 "I4";
    .port_info 4 /INPUT 8 "I5";
    .port_info 5 /INPUT 3 "select";
    .port_info 6 /OUTPUT 8 "result";
v0000017c849965c0_0 .net "I1", 7 0, L_0000017c84995c10;  alias, 1 drivers
v0000017c84996e80_0 .net "I2", 7 0, L_0000017c84a028f0;  alias, 1 drivers
v0000017c84996de0_0 .net "I3", 7 0, L_0000017c84995430;  alias, 1 drivers
v0000017c84997880_0 .net "I4", 7 0, L_0000017c84995200;  alias, 1 drivers
v0000017c84996840_0 .net "I5", 7 0, v0000017c849963e0_0;  alias, 1 drivers
v0000017c84996ca0_0 .var "result", 7 0;
v0000017c84997100_0 .net "select", 2 0, v0000017c849fc710_0;  alias, 1 drivers
E_0000017c84982a20/0 .event anyedge, v0000017c84997100_0, v0000017c849972e0_0, v0000017c84997600_0, v0000017c849979c0_0;
E_0000017c84982a20/1 .event anyedge, v0000017c84997880_0, v0000017c84996840_0;
E_0000017c84982a20 .event/or E_0000017c84982a20/0, E_0000017c84982a20/1;
S_0000017c84956db0 .scope module, "or1" "OrUnit" 4 153, 4 22 0, S_0000017c8494d4c0;
 .timescale 0 0;
    .port_info 0 /INPUT 8 "data1";
    .port_info 1 /INPUT 8 "data2";
    .port_info 2 /OUTPUT 8 "result";
L_0000017c84995200/d .functor OR 8, L_0000017c84995350, v0000017c849fb9f0_0, C4<00000000>, C4<00000000>;
L_0000017c84995200 .delay 8 (1,1,1) L_0000017c84995200/d;
v0000017c84997ce0_0 .net "data1", 7 0, L_0000017c84995350;  alias, 1 drivers
v0000017c84996340_0 .net "data2", 7 0, v0000017c849fb9f0_0;  alias, 1 drivers
v0000017c84996f20_0 .net "result", 7 0, L_0000017c84995200;  alias, 1 drivers
S_0000017c8494a790 .scope module, "shift" "shiftUnit" 4 154, 4 28 0, S_0000017c8494d4c0;
 .timescale 0 0;
    .port_info 0 /INPUT 8 "data1";
    .port_info 1 /INPUT 8 "data2";
    .port_info 2 /OUTPUT 8 "result";
    .port_info 3 /INPUT 2 "islogicalorisleft";
v0000017c849f7aa0_0 .var "arithmeticexception", 7 0;
v0000017c849f6100_0 .var "control", 3 0;
v0000017c849f69c0_0 .net "data1", 7 0, L_0000017c84995350;  alias, 1 drivers
v0000017c849f7be0_0 .net "data2", 7 0, v0000017c849fb9f0_0;  alias, 1 drivers
v0000017c849f7d20_0 .net "exception", 7 0, v0000017c849f7e60_0;  1 drivers
v0000017c849f6560_0 .net "islogicalorisleft", 1 0, v0000017c849fc170_0;  alias, 1 drivers
v0000017c849f66a0_0 .var "logicalexception", 7 0;
v0000017c849f6420_0 .net "result", 7 0, v0000017c849963e0_0;  alias, 1 drivers
v0000017c849f75a0_0 .net "result1", 7 0, v0000017c849f6240_0;  1 drivers
v0000017c849f71e0_0 .net "result2", 7 0, v0000017c849f6c40_0;  1 drivers
v0000017c849f64c0_0 .net "result4", 7 0, v0000017c849f7c80_0;  1 drivers
v0000017c849f6600_0 .net "shift1", 7 0, v0000017c84996b60_0;  1 drivers
v0000017c849f7000_0 .var "shift1ArithmeticLeft", 7 0;
v0000017c849f70a0_0 .var "shift1ArithmeticRight", 7 0;
v0000017c849f76e0_0 .var "shift1LogicalLeft", 7 0;
v0000017c849f7dc0_0 .var "shift1LogicalRight", 7 0;
v0000017c849f7320_0 .net "shift2", 7 0, v0000017c849968e0_0;  1 drivers
v0000017c849f67e0_0 .var "shift2ArithmeticLeft", 7 0;
v0000017c849f7140_0 .var "shift2ArithmeticRight", 7 0;
v0000017c849f6a60_0 .var "shift2LogicalLeft", 7 0;
v0000017c849f7820_0 .var "shift2LogicalRight", 7 0;
v0000017c849f6880_0 .net "shift4", 7 0, v0000017c849f7b40_0;  1 drivers
v0000017c849f73c0_0 .var "shift4ArithmeticLeft", 7 0;
v0000017c849f7280_0 .var "shift4ArithmeticRight", 7 0;
v0000017c849f6060_0 .var "shift4LogicalLeft", 7 0;
v0000017c849f6920_0 .var "shift4LogicalRight", 7 0;
E_0000017c84982960 .event anyedge, v0000017c849f6c40_0;
E_0000017c84982ee0 .event anyedge, v0000017c849f6240_0;
E_0000017c849832a0 .event anyedge, v0000017c84997f60_0;
E_0000017c849838e0 .event anyedge, v0000017c849971a0_0;
L_0000017c84a02fd0 .part v0000017c849f6100_0, 0, 1;
L_0000017c84a03bb0 .part v0000017c849f6100_0, 1, 1;
L_0000017c84a02170 .part v0000017c849f6100_0, 2, 1;
L_0000017c84a02710 .part v0000017c849f6100_0, 3, 1;
S_0000017c8494a920 .scope module, "exceptionmux5" "mux2x1" 4 107, 5 1 0, S_0000017c8494a790;
 .timescale 0 0;
    .port_info 0 /INPUT 8 "input1";
    .port_info 1 /INPUT 8 "input2";
    .port_info 2 /INPUT 1 "select";
    .port_info 3 /OUTPUT 8 "out";
v0000017c84996660_0 .net "input1", 7 0, v0000017c849f7c80_0;  alias, 1 drivers
v0000017c84996700_0 .net "input2", 7 0, v0000017c849f7e60_0;  alias, 1 drivers
v0000017c849963e0_0 .var "out", 7 0;
v0000017c849974c0_0 .net "select", 0 0, L_0000017c84a02710;  1 drivers
E_0000017c849843e0 .event anyedge, v0000017c849974c0_0, v0000017c84996700_0, v0000017c84996660_0;
S_0000017c8494ddd0 .scope module, "mux1" "MuxUnit4" 4 64, 6 1 0, S_0000017c8494a790;
 .timescale 0 0;
    .port_info 0 /INPUT 8 "I1";
    .port_info 1 /INPUT 8 "I2";
    .port_info 2 /INPUT 8 "I3";
    .port_info 3 /INPUT 8 "I4";
    .port_info 4 /INPUT 2 "select";
    .port_info 5 /OUTPUT 8 "result";
v0000017c84996200_0 .net "I1", 7 0, v0000017c849f70a0_0;  1 drivers
v0000017c84997b00_0 .net "I2", 7 0, v0000017c849f7000_0;  1 drivers
v0000017c84996fc0_0 .net "I3", 7 0, v0000017c849f7dc0_0;  1 drivers
v0000017c84997ba0_0 .net "I4", 7 0, v0000017c849f76e0_0;  1 drivers
v0000017c84996b60_0 .var "result", 7 0;
v0000017c84996a20_0 .net "select", 1 0, v0000017c849fc170_0;  alias, 1 drivers
E_0000017c84984b20/0 .event anyedge, v0000017c84996a20_0, v0000017c84996200_0, v0000017c84997b00_0, v0000017c84996fc0_0;
E_0000017c84984b20/1 .event anyedge, v0000017c84997ba0_0;
E_0000017c84984b20 .event/or E_0000017c84984b20/0, E_0000017c84984b20/1;
S_0000017c8494df60 .scope module, "mux2" "MuxUnit4" 4 81, 6 1 0, S_0000017c8494a790;
 .timescale 0 0;
    .port_info 0 /INPUT 8 "I1";
    .port_info 1 /INPUT 8 "I2";
    .port_info 2 /INPUT 8 "I3";
    .port_info 3 /INPUT 8 "I4";
    .port_info 4 /INPUT 2 "select";
    .port_info 5 /OUTPUT 8 "result";
v0000017c84997d80_0 .net "I1", 7 0, v0000017c849f7140_0;  1 drivers
v0000017c84997060_0 .net "I2", 7 0, v0000017c849f67e0_0;  1 drivers
v0000017c84997ec0_0 .net "I3", 7 0, v0000017c849f7820_0;  1 drivers
v0000017c849967a0_0 .net "I4", 7 0, v0000017c849f6a60_0;  1 drivers
v0000017c849968e0_0 .var "result", 7 0;
v0000017c84997920_0 .net "select", 1 0, v0000017c849fc170_0;  alias, 1 drivers
E_0000017c849845a0/0 .event anyedge, v0000017c84996a20_0, v0000017c84997d80_0, v0000017c84997060_0, v0000017c84997ec0_0;
E_0000017c849845a0/1 .event anyedge, v0000017c849967a0_0;
E_0000017c849845a0 .event/or E_0000017c849845a0/0, E_0000017c849845a0/1;
S_0000017c849362d0 .scope module, "mux4" "MuxUnit4" 4 98, 6 1 0, S_0000017c8494a790;
 .timescale 0 0;
    .port_info 0 /INPUT 8 "I1";
    .port_info 1 /INPUT 8 "I2";
    .port_info 2 /INPUT 8 "I3";
    .port_info 3 /INPUT 8 "I4";
    .port_info 4 /INPUT 2 "select";
    .port_info 5 /OUTPUT 8 "result";
v0000017c84996d40_0 .net "I1", 7 0, v0000017c849f7280_0;  1 drivers
v0000017c84997240_0 .net "I2", 7 0, v0000017c849f73c0_0;  1 drivers
v0000017c84997380_0 .net "I3", 7 0, v0000017c849f6920_0;  1 drivers
v0000017c84997420_0 .net "I4", 7 0, v0000017c849f6060_0;  1 drivers
v0000017c849f7b40_0 .var "result", 7 0;
v0000017c849f62e0_0 .net "select", 1 0, v0000017c849fc170_0;  alias, 1 drivers
E_0000017c84984aa0/0 .event anyedge, v0000017c84996a20_0, v0000017c84996d40_0, v0000017c84997240_0, v0000017c84997380_0;
E_0000017c84984aa0/1 .event anyedge, v0000017c84997420_0;
E_0000017c84984aa0 .event/or E_0000017c84984aa0/0, E_0000017c84984aa0/1;
S_0000017c84936460 .scope module, "mux5" "MuxUnit4" 4 105, 6 1 0, S_0000017c8494a790;
 .timescale 0 0;
    .port_info 0 /INPUT 8 "I1";
    .port_info 1 /INPUT 8 "I2";
    .port_info 2 /INPUT 8 "I3";
    .port_info 3 /INPUT 8 "I4";
    .port_info 4 /INPUT 2 "select";
    .port_info 5 /OUTPUT 8 "result";
v0000017c849f6d80_0 .net "I1", 7 0, v0000017c849f7aa0_0;  1 drivers
v0000017c849f7780_0 .net "I2", 7 0, v0000017c849f7aa0_0;  alias, 1 drivers
v0000017c849f6740_0 .net "I3", 7 0, v0000017c849f66a0_0;  1 drivers
v0000017c849f6e20_0 .net "I4", 7 0, v0000017c849f66a0_0;  alias, 1 drivers
v0000017c849f7e60_0 .var "result", 7 0;
v0000017c849f7500_0 .net "select", 1 0, v0000017c849fc170_0;  alias, 1 drivers
E_0000017c849841a0/0 .event anyedge, v0000017c84996a20_0, v0000017c849f6d80_0, v0000017c849f6d80_0, v0000017c849f6740_0;
E_0000017c849841a0/1 .event anyedge, v0000017c849f6740_0;
E_0000017c849841a0 .event/or E_0000017c849841a0/0, E_0000017c849841a0/1;
S_0000017c84917aa0 .scope module, "resultmux1" "mux2x1" 4 66, 5 1 0, S_0000017c8494a790;
 .timescale 0 0;
    .port_info 0 /INPUT 8 "input1";
    .port_info 1 /INPUT 8 "input2";
    .port_info 2 /INPUT 1 "select";
    .port_info 3 /OUTPUT 8 "out";
v0000017c849f7f00_0 .net "input1", 7 0, L_0000017c84995350;  alias, 1 drivers
v0000017c849f7a00_0 .net "input2", 7 0, v0000017c84996b60_0;  alias, 1 drivers
v0000017c849f6240_0 .var "out", 7 0;
v0000017c849f7960_0 .net "select", 0 0, L_0000017c84a02fd0;  1 drivers
E_0000017c84984c60 .event anyedge, v0000017c849f7960_0, v0000017c84996b60_0, v0000017c84997f60_0;
S_0000017c849f8cf0 .scope module, "resultmux2" "mux2x1" 4 83, 5 1 0, S_0000017c8494a790;
 .timescale 0 0;
    .port_info 0 /INPUT 8 "input1";
    .port_info 1 /INPUT 8 "input2";
    .port_info 2 /INPUT 1 "select";
    .port_info 3 /OUTPUT 8 "out";
v0000017c849f6380_0 .net "input1", 7 0, v0000017c849f6240_0;  alias, 1 drivers
v0000017c849f6ce0_0 .net "input2", 7 0, v0000017c849968e0_0;  alias, 1 drivers
v0000017c849f6c40_0 .var "out", 7 0;
v0000017c849f7460_0 .net "select", 0 0, L_0000017c84a03bb0;  1 drivers
E_0000017c849848a0 .event anyedge, v0000017c849f7460_0, v0000017c849968e0_0, v0000017c849f6240_0;
S_0000017c849f8520 .scope module, "resultmux4" "mux2x1" 4 100, 5 1 0, S_0000017c8494a790;
 .timescale 0 0;
    .port_info 0 /INPUT 8 "input1";
    .port_info 1 /INPUT 8 "input2";
    .port_info 2 /INPUT 1 "select";
    .port_info 3 /OUTPUT 8 "out";
v0000017c849f7640_0 .net "input1", 7 0, v0000017c849f6c40_0;  alias, 1 drivers
v0000017c849f6ec0_0 .net "input2", 7 0, v0000017c849f7b40_0;  alias, 1 drivers
v0000017c849f7c80_0 .var "out", 7 0;
v0000017c849f6f60_0 .net "select", 0 0, L_0000017c84a02170;  1 drivers
E_0000017c84984660 .event anyedge, v0000017c849f6f60_0, v0000017c849f7b40_0, v0000017c849f6c40_0;
S_0000017c849f8e80 .scope module, "controlUnit1" "controlunit" 3 43, 7 1 0, S_0000017c849568b0;
 .timescale 0 0;
    .port_info 0 /INPUT 8 "opcode";
    .port_info 1 /OUTPUT 1 "writeanable";
    .port_info 2 /OUTPUT 1 "istwoscomp";
    .port_info 3 /OUTPUT 1 "isregout";
    .port_info 4 /OUTPUT 3 "ALUop";
    .port_info 5 /OUTPUT 1 "beq";
    .port_info 6 /OUTPUT 1 "jump";
    .port_info 7 /OUTPUT 2 "islogicalorisleft";
    .port_info 8 /OUTPUT 1 "bne";
v0000017c849fc710_0 .var "ALUop", 2 0;
v0000017c849fc030_0 .var "beq", 0 0;
v0000017c849fc0d0_0 .var "bne", 0 0;
v0000017c849fc170_0 .var "islogicalorisleft", 1 0;
v0000017c849fb130_0 .var "isregout", 0 0;
v0000017c849fc210_0 .var "istwoscomp", 0 0;
v0000017c849fb3b0_0 .var "jump", 0 0;
v0000017c849fcd50_0 .net "opcode", 7 0, v0000017c849fc2b0_0;  alias, 1 drivers
v0000017c849fb590_0 .var "writeanable", 0 0;
E_0000017c84981560 .event anyedge, v0000017c849fcd50_0;
S_0000017c849f8070 .scope module, "dec" "decoder" 3 41, 8 1 0, S_0000017c849568b0;
 .timescale 0 0;
    .port_info 0 /INPUT 32 "instruction";
    .port_info 1 /OUTPUT 8 "opcode";
    .port_info 2 /OUTPUT 8 "immediate";
    .port_info 3 /OUTPUT 3 "readreg2";
    .port_info 4 /OUTPUT 3 "readreg1";
    .port_info 5 /OUTPUT 3 "writereg";
    .port_info 6 /OUTPUT 8 "jumpOrbranch";
v0000017c849fb450_0 .var "immediate", 7 0;
v0000017c849fbbd0_0 .net "instruction", 31 0, o0000017c8499e988;  alias, 0 drivers
v0000017c849fc990_0 .var "jumpOrbranch", 7 0;
v0000017c849fc2b0_0 .var "opcode", 7 0;
v0000017c849fb270_0 .var "readreg1", 2 0;
v0000017c849fcdf0_0 .var "readreg2", 2 0;
v0000017c849fcad0_0 .var "writereg", 2 0;
E_0000017c84984320 .event anyedge, v0000017c849fbbd0_0;
S_0000017c849f8b60 .scope module, "leftshift1" "leftshift" 3 51, 9 1 0, S_0000017c849568b0;
 .timescale 0 0;
    .port_info 0 /INPUT 32 "data1";
    .port_info 1 /OUTPUT 32 "result";
v0000017c849fb4f0_0 .net *"_ivl_2", 29 0, L_0000017c84a02350;  1 drivers
L_0000017c84a04128 .functor BUFT 1, C4<00>, C4<0>, C4<0>, C4<0>;
v0000017c849fbe50_0 .net *"_ivl_4", 1 0, L_0000017c84a04128;  1 drivers
v0000017c849fbdb0_0 .net "data1", 31 0, v0000017c849fef10_0;  alias, 1 drivers
v0000017c849fc670_0 .net "result", 31 0, L_0000017c84a037f0;  alias, 1 drivers
L_0000017c84a02350 .part v0000017c849fef10_0, 0, 30;
L_0000017c84a037f0 .concat [ 2 30 0 0], L_0000017c84a04128, L_0000017c84a02350;
S_0000017c849f8840 .scope module, "mux11" "mux2x1" 3 46, 5 1 0, S_0000017c849568b0;
 .timescale 0 0;
    .port_info 0 /INPUT 8 "input1";
    .port_info 1 /INPUT 8 "input2";
    .port_info 2 /INPUT 1 "select";
    .port_info 3 /OUTPUT 8 "out";
v0000017c849fc7b0_0 .net "input1", 7 0, L_0000017c849953c0;  alias, 1 drivers
v0000017c849fcc10_0 .net "input2", 7 0, v0000017c849fed30_0;  alias, 1 drivers
v0000017c849fb6d0_0 .var "out", 7 0;
v0000017c849fb8b0_0 .net "select", 0 0, v0000017c849fc210_0;  alias, 1 drivers
E_0000017c849846a0 .event anyedge, v0000017c849fc210_0, v0000017c849fcc10_0, v0000017c849fc7b0_0;
S_0000017c849f86b0 .scope module, "mux22" "mux2x1" 3 47, 5 1 0, S_0000017c849568b0;
 .timescale 0 0;
    .port_info 0 /INPUT 8 "input1";
    .port_info 1 /INPUT 8 "input2";
    .port_info 2 /INPUT 1 "select";
    .port_info 3 /OUTPUT 8 "out";
v0000017c849fb1d0_0 .net "input1", 7 0, v0000017c849fb450_0;  alias, 1 drivers
v0000017c849fccb0_0 .net "input2", 7 0, v0000017c849fb6d0_0;  alias, 1 drivers
v0000017c849fb9f0_0 .var "out", 7 0;
v0000017c849fb770_0 .net "select", 0 0, v0000017c849fb130_0;  alias, 1 drivers
E_0000017c84984760 .event anyedge, v0000017c849fb130_0, v0000017c849fb6d0_0, v0000017c849fb450_0;
S_0000017c849f8390 .scope module, "mux32bit_control1" "mux32bit_control" 3 55, 10 1 0, S_0000017c849568b0;
 .timescale 0 0;
    .port_info 0 /INPUT 1 "zero";
    .port_info 1 /INPUT 1 "jump";
    .port_info 2 /INPUT 1 "branch";
    .port_info 3 /INPUT 1 "bne";
    .port_info 4 /OUTPUT 1 "result";
v0000017c849fc350_0 .net "bne", 0 0, v0000017c849fc0d0_0;  alias, 1 drivers
v0000017c849fb950_0 .net "branch", 0 0, v0000017c849fc030_0;  alias, 1 drivers
v0000017c849fbef0_0 .net "jump", 0 0, v0000017c849fb3b0_0;  alias, 1 drivers
v0000017c849fbb30_0 .var "result", 0 0;
v0000017c849fb810_0 .net "zero", 0 0, v0000017c849fc5d0_0;  alias, 1 drivers
E_0000017c84984d60 .event anyedge, v0000017c849fc5d0_0, v0000017c849fc030_0, v0000017c849fb3b0_0, v0000017c849fc0d0_0;
S_0000017c849f8200 .scope module, "pc1" "pc" 3 42, 11 1 0, S_0000017c849568b0;
 .timescale 0 0;
    .port_info 0 /INPUT 1 "CLK";
    .port_info 1 /INPUT 1 "RESET";
    .port_info 2 /INPUT 32 "leftshiftout";
    .port_info 3 /INPUT 1 "muxcontrol";
    .port_info 4 /OUTPUT 32 "PC_data";
v0000017c849fc490_0 .net "CLK", 0 0, o0000017c8499f018;  alias, 0 drivers
v0000017c849fba90_0 .var "PC", 31 0;
v0000017c849fc850_0 .var "PC_data", 31 0;
v0000017c849fca30_0 .net "RESET", 0 0, o0000017c8499f0a8;  alias, 0 drivers
v0000017c849fc530_0 .net "leftshiftout", 31 0, L_0000017c84a037f0;  alias, 1 drivers
v0000017c849fce90_0 .net "muxcontrol", 0 0, v0000017c849fbb30_0;  alias, 1 drivers
E_0000017c849846e0 .event posedge, v0000017c849fc490_0;
S_0000017c849f89d0 .scope module, "regfile" "reg_file" 3 44, 12 1 0, S_0000017c849568b0;
 .timescale 0 0;
    .port_info 0 /INPUT 3 "OUT2ADDRESS";
    .port_info 1 /INPUT 3 "OUT1ADDRESS";
    .port_info 2 /INPUT 3 "INADDRESS";
    .port_info 3 /INPUT 8 "IN";
    .port_info 4 /INPUT 1 "WRITE";
    .port_info 5 /INPUT 1 "CLOCK";
    .port_info 6 /INPUT 1 "RESET";
    .port_info 7 /OUTPUT 8 "OUT1";
    .port_info 8 /OUTPUT 8 "OUT2";
L_0000017c84995350/d .functor BUFZ 8, L_0000017c84a03cf0, C4<00000000>, C4<00000000>, C4<00000000>;
L_0000017c84995350 .delay 8 (2,2,2) L_0000017c84995350/d;
L_0000017c849953c0/d .functor BUFZ 8, L_0000017c84a03610, C4<00000000>, C4<00000000>, C4<00000000>;
L_0000017c849953c0 .delay 8 (2,2,2) L_0000017c849953c0/d;
v0000017c849fbd10_0 .net "CLOCK", 0 0, o0000017c8499f018;  alias, 0 drivers
v0000017c849fcf30_0 .net "IN", 7 0, v0000017c84996ca0_0;  alias, 1 drivers
v0000017c849feb50_0 .net "INADDRESS", 2 0, v0000017c849fcad0_0;  alias, 1 drivers
v0000017c849fe830_0 .net "OUT1", 7 0, L_0000017c84995350;  alias, 1 drivers
v0000017c849fe510_0 .net "OUT1ADDRESS", 2 0, v0000017c849fb270_0;  alias, 1 drivers
v0000017c849fe5b0_0 .net "OUT2", 7 0, L_0000017c849953c0;  alias, 1 drivers
v0000017c849fe6f0_0 .net "OUT2ADDRESS", 2 0, v0000017c849fcdf0_0;  alias, 1 drivers
v0000017c849fe330 .array "REGISTER", 0 7, 7 0;
v0000017c849fe0b0_0 .net "RESET", 0 0, o0000017c8499f0a8;  alias, 0 drivers
v0000017c849ff9b0_0 .net "WRITE", 0 0, v0000017c849fb590_0;  alias, 1 drivers
v0000017c849ff690_0 .net *"_ivl_0", 7 0, L_0000017c84a03cf0;  1 drivers
v0000017c849fe1f0_0 .net *"_ivl_10", 4 0, L_0000017c84a02e90;  1 drivers
L_0000017c84a040e0 .functor BUFT 1, C4<00>, C4<0>, C4<0>, C4<0>;
v0000017c849ff190_0 .net *"_ivl_13", 1 0, L_0000017c84a040e0;  1 drivers
v0000017c849ff050_0 .net *"_ivl_2", 4 0, L_0000017c84a02f30;  1 drivers
L_0000017c84a04098 .functor BUFT 1, C4<00>, C4<0>, C4<0>, C4<0>;
v0000017c849fe790_0 .net *"_ivl_5", 1 0, L_0000017c84a04098;  1 drivers
v0000017c849ffcd0_0 .net *"_ivl_8", 7 0, L_0000017c84a03610;  1 drivers
v0000017c849ffe10_0 .var/i "i", 31 0;
L_0000017c84a03cf0 .array/port v0000017c849fe330, L_0000017c84a02f30;
L_0000017c84a02f30 .concat [ 3 2 0 0], v0000017c849fb270_0, L_0000017c84a04098;
L_0000017c84a03610 .array/port v0000017c849fe330, L_0000017c84a02e90;
L_0000017c84a02e90 .concat [ 3 2 0 0], v0000017c849fcdf0_0, L_0000017c84a040e0;
S_0000017c84a01380 .scope module, "signextend1" "signextend" 3 50, 13 1 0, S_0000017c849568b0;
 .timescale 0 0;
    .port_info 0 /INPUT 8 "data";
    .port_info 1 /OUTPUT 32 "result";
v0000017c849fe8d0_0 .net "data", 7 0, v0000017c849fc990_0;  alias, 1 drivers
v0000017c849fef10_0 .var "result", 31 0;
E_0000017c84984560 .event anyedge, v0000017c849fc990_0;
S_0000017c84a01510 .scope module, "twoscom" "twocomp" 3 45, 14 1 0, S_0000017c849568b0;
 .timescale 0 0;
    .port_info 0 /INPUT 8 "input_nupm";
    .port_info 1 /OUTPUT 8 "output_nupm";
v0000017c849ffb90_0 .net "input_nupm", 7 0, L_0000017c849953c0;  alias, 1 drivers
v0000017c849fed30_0 .var/s "output_nupm", 7 0;
E_0000017c84984b60 .event anyedge, v0000017c849fc7b0_0;
S_0000017c84959630 .scope module, "mux32bit" "mux32bit" 15 1;
 .timescale 0 0;
    .port_info 0 /INPUT 32 "I0";
    .port_info 1 /INPUT 32 "I1";
    .port_info 2 /INPUT 1 "select";
    .port_info 3 /OUTPUT 32 "result";
o0000017c8499f648 .functor BUFZ 32, C4<zzzzzzzzzzzzzzzzzzzzzzzzzzzzzzzz>; HiZ drive
v0000017c849ff910_0 .net "I0", 31 0, o0000017c8499f648;  0 drivers
o0000017c8499f678 .functor BUFZ 32, C4<zzzzzzzzzzzzzzzzzzzzzzzzzzzzzzzz>; HiZ drive
v0000017c849ffa50_0 .net "I1", 31 0, o0000017c8499f678;  0 drivers
v0000017c849ffaf0_0 .var "result", 31 0;
o0000017c8499f6d8 .functor BUFZ 1, C4<z>; HiZ drive
v0000017c84a036b0_0 .net "select", 0 0, o0000017c8499f6d8;  0 drivers
E_0000017c84984720 .event anyedge, v0000017c84a036b0_0, v0000017c849ffa50_0, v0000017c849ff910_0;
S_0000017c849597c0 .scope module, "zero_out" "zero_out" 16 1;
 .timescale 0 0;
    .port_info 0 /INPUT 8 "result";
    .port_info 1 /OUTPUT 1 "data";
v0000017c84a023f0_0 .var "data", 0 0;
o0000017c8499f7f8 .functor BUFZ 8, C4<zzzzzzzz>; HiZ drive
v0000017c84a025d0_0 .net "result", 7 0, o0000017c8499f7f8;  0 drivers
E_0000017c84984ca0 .event anyedge, v0000017c84a025d0_0;
    .scope S_0000017c849f8070;
T_0 ;
    %wait E_0000017c84984320;
    %load/vec4 v0000017c849fbbd0_0;
    %parti/s 8, 24, 6;
    %store/vec4 v0000017c849fc2b0_0, 0, 8;
    %load/vec4 v0000017c849fbbd0_0;
    %parti/s 3, 16, 6;
    %store/vec4 v0000017c849fcad0_0, 0, 3;
    %load/vec4 v0000017c849fbbd0_0;
    %parti/s 3, 8, 5;
    %store/vec4 v0000017c849fb270_0, 0, 3;
    %load/vec4 v0000017c849fbbd0_0;
    %parti/s 3, 0, 2;
    %store/vec4 v0000017c849fcdf0_0, 0, 3;
    %load/vec4 v0000017c849fbbd0_0;
    %parti/s 8, 0, 2;
    %store/vec4 v0000017c849fb450_0, 0, 8;
    %load/vec4 v0000017c849fbbd0_0;
    %parti/s 8, 16, 6;
    %store/vec4 v0000017c849fc990_0, 0, 8;
    %jmp T_0;
    .thread T_0, $push;
    .scope S_0000017c849f8200;
T_1 ;
    %wait E_0000017c849846e0;
    %load/vec4 v0000017c849fca30_0;
    %cmpi/e 1, 0, 1;
    %jmp/0xz  T_1.0, 4;
    %pushi/vec4 0, 0, 32;
    %assign/vec4 v0000017c849fc850_0, 1;
    %jmp T_1.1;
T_1.0 ;
    %load/vec4 v0000017c849fce90_0;
    %cmpi/e 0, 0, 1;
    %jmp/0xz  T_1.2, 4;
    %load/vec4 v0000017c849fc850_0;
    %addi 4, 0, 32;
    %assign/vec4 v0000017c849fc850_0, 1;
    %jmp T_1.3;
T_1.2 ;
    %load/vec4 v0000017c849fc530_0;
    %load/vec4 v0000017c849fc850_0;
    %add;
    %addi 4, 0, 32;
    %assign/vec4 v0000017c849fc850_0, 1;
T_1.3 ;
T_1.1 ;
    %jmp T_1;
    .thread T_1;
    .scope S_0000017c849f8e80;
T_2 ;
    %wait E_0000017c84981560;
    %load/vec4 v0000017c849fcd50_0;
    %dup/vec4;
    %pushi/vec4 0, 0, 8;
    %cmp/u;
    %jmp/1 T_2.0, 6;
    %dup/vec4;
    %pushi/vec4 2, 0, 8;
    %cmp/u;
    %jmp/1 T_2.1, 6;
    %dup/vec4;
    %pushi/vec4 3, 0, 8;
    %cmp/u;
    %jmp/1 T_2.2, 6;
    %dup/vec4;
    %pushi/vec4 4, 0, 8;
    %cmp/u;
    %jmp/1 T_2.3, 6;
    %dup/vec4;
    %pushi/vec4 5, 0, 8;
    %cmp/u;
    %jmp/1 T_2.4, 6;
    %dup/vec4;
    %pushi/vec4 1, 0, 8;
    %cmp/u;
    %jmp/1 T_2.5, 6;
    %dup/vec4;
    %pushi/vec4 6, 0, 8;
    %cmp/u;
    %jmp/1 T_2.6, 6;
    %dup/vec4;
    %pushi/vec4 7, 0, 8;
    %cmp/u;
    %jmp/1 T_2.7, 6;
    %dup/vec4;
    %pushi/vec4 8, 0, 8;
    %cmp/u;
    %jmp/1 T_2.8, 6;
    %dup/vec4;
    %pushi/vec4 9, 0, 8;
    %cmp/u;
    %jmp/1 T_2.9, 6;
    %dup/vec4;
    %pushi/vec4 10, 0, 8;
    %cmp/u;
    %jmp/1 T_2.10, 6;
    %dup/vec4;
    %pushi/vec4 11, 0, 8;
    %cmp/u;
    %jmp/1 T_2.11, 6;
    %dup/vec4;
    %pushi/vec4 12, 0, 8;
    %cmp/u;
    %jmp/1 T_2.12, 6;
    %pushi/vec4 0, 0, 1;
    %store/vec4 v0000017c849fb590_0, 0, 1;
    %pushi/vec4 0, 0, 1;
    %store/vec4 v0000017c849fc210_0, 0, 1;
    %pushi/vec4 0, 0, 1;
    %store/vec4 v0000017c849fb130_0, 0, 1;
    %pushi/vec4 0, 0, 3;
    %store/vec4 v0000017c849fc710_0, 0, 3;
    %pushi/vec4 0, 0, 1;
    %store/vec4 v0000017c849fc030_0, 0, 1;
    %pushi/vec4 0, 0, 1;
    %store/vec4 v0000017c849fb3b0_0, 0, 1;
    %pushi/vec4 0, 0, 1;
    %store/vec4 v0000017c849fc0d0_0, 0, 1;
    %pushi/vec4 0, 0, 2;
    %store/vec4 v0000017c849fc170_0, 0, 2;
    %jmp T_2.14;
T_2.0 ;
    %pushi/vec4 1, 0, 1;
    %store/vec4 v0000017c849fb590_0, 0, 1;
    %pushi/vec4 0, 0, 1;
    %store/vec4 v0000017c849fc210_0, 0, 1;
    %pushi/vec4 0, 0, 1;
    %store/vec4 v0000017c849fb130_0, 0, 1;
    %pushi/vec4 0, 0, 3;
    %store/vec4 v0000017c849fc710_0, 0, 3;
    %pushi/vec4 0, 0, 1;
    %store/vec4 v0000017c849fc030_0, 0, 1;
    %pushi/vec4 0, 0, 1;
    %store/vec4 v0000017c849fb3b0_0, 0, 1;
    %pushi/vec4 0, 0, 1;
    %store/vec4 v0000017c849fc0d0_0, 0, 1;
    %pushi/vec4 0, 0, 2;
    %store/vec4 v0000017c849fc170_0, 0, 2;
    %jmp T_2.14;
T_2.1 ;
    %pushi/vec4 1, 0, 1;
    %store/vec4 v0000017c849fb590_0, 0, 1;
    %pushi/vec4 0, 0, 1;
    %store/vec4 v0000017c849fc210_0, 0, 1;
    %pushi/vec4 1, 0, 1;
    %store/vec4 v0000017c849fb130_0, 0, 1;
    %pushi/vec4 1, 0, 3;
    %store/vec4 v0000017c849fc710_0, 0, 3;
    %pushi/vec4 0, 0, 1;
    %store/vec4 v0000017c849fc030_0, 0, 1;
    %pushi/vec4 0, 0, 1;
    %store/vec4 v0000017c849fb3b0_0, 0, 1;
    %pushi/vec4 0, 0, 1;
    %store/vec4 v0000017c849fc0d0_0, 0, 1;
    %pushi/vec4 0, 0, 2;
    %store/vec4 v0000017c849fc170_0, 0, 2;
    %jmp T_2.14;
T_2.2 ;
    %pushi/vec4 1, 0, 1;
    %store/vec4 v0000017c849fb590_0, 0, 1;
    %pushi/vec4 1, 0, 1;
    %store/vec4 v0000017c849fc210_0, 0, 1;
    %pushi/vec4 1, 0, 1;
    %store/vec4 v0000017c849fb130_0, 0, 1;
    %pushi/vec4 1, 0, 3;
    %store/vec4 v0000017c849fc710_0, 0, 3;
    %pushi/vec4 0, 0, 1;
    %store/vec4 v0000017c849fc030_0, 0, 1;
    %pushi/vec4 0, 0, 1;
    %store/vec4 v0000017c849fb3b0_0, 0, 1;
    %pushi/vec4 0, 0, 1;
    %store/vec4 v0000017c849fc0d0_0, 0, 1;
    %pushi/vec4 0, 0, 2;
    %store/vec4 v0000017c849fc170_0, 0, 2;
    %jmp T_2.14;
T_2.3 ;
    %pushi/vec4 1, 0, 1;
    %store/vec4 v0000017c849fb590_0, 0, 1;
    %pushi/vec4 0, 0, 1;
    %store/vec4 v0000017c849fc210_0, 0, 1;
    %pushi/vec4 1, 0, 1;
    %store/vec4 v0000017c849fb130_0, 0, 1;
    %pushi/vec4 2, 0, 3;
    %store/vec4 v0000017c849fc710_0, 0, 3;
    %pushi/vec4 0, 0, 1;
    %store/vec4 v0000017c849fc030_0, 0, 1;
    %pushi/vec4 0, 0, 1;
    %store/vec4 v0000017c849fb3b0_0, 0, 1;
    %pushi/vec4 0, 0, 1;
    %store/vec4 v0000017c849fc0d0_0, 0, 1;
    %pushi/vec4 0, 0, 2;
    %store/vec4 v0000017c849fc170_0, 0, 2;
    %jmp T_2.14;
T_2.4 ;
    %pushi/vec4 1, 0, 1;
    %store/vec4 v0000017c849fb590_0, 0, 1;
    %pushi/vec4 0, 0, 1;
    %store/vec4 v0000017c849fc210_0, 0, 1;
    %pushi/vec4 1, 0, 1;
    %store/vec4 v0000017c849fb130_0, 0, 1;
    %pushi/vec4 3, 0, 3;
    %store/vec4 v0000017c849fc710_0, 0, 3;
    %pushi/vec4 0, 0, 1;
    %store/vec4 v0000017c849fc030_0, 0, 1;
    %pushi/vec4 0, 0, 1;
    %store/vec4 v0000017c849fb3b0_0, 0, 1;
    %pushi/vec4 0, 0, 1;
    %store/vec4 v0000017c849fc0d0_0, 0, 1;
    %pushi/vec4 0, 0, 2;
    %store/vec4 v0000017c849fc170_0, 0, 2;
    %jmp T_2.14;
T_2.5 ;
    %pushi/vec4 1, 0, 1;
    %store/vec4 v0000017c849fb590_0, 0, 1;
    %pushi/vec4 0, 0, 1;
    %store/vec4 v0000017c849fc210_0, 0, 1;
    %pushi/vec4 1, 0, 1;
    %store/vec4 v0000017c849fb130_0, 0, 1;
    %pushi/vec4 0, 0, 3;
    %store/vec4 v0000017c849fc710_0, 0, 3;
    %pushi/vec4 0, 0, 1;
    %store/vec4 v0000017c849fc030_0, 0, 1;
    %pushi/vec4 0, 0, 1;
    %store/vec4 v0000017c849fb3b0_0, 0, 1;
    %pushi/vec4 0, 0, 1;
    %store/vec4 v0000017c849fc0d0_0, 0, 1;
    %pushi/vec4 0, 0, 2;
    %store/vec4 v0000017c849fc170_0, 0, 2;
    %jmp T_2.14;
T_2.6 ;
    %pushi/vec4 0, 0, 1;
    %store/vec4 v0000017c849fb590_0, 0, 1;
    %pushi/vec4 0, 0, 1;
    %store/vec4 v0000017c849fc210_0, 0, 1;
    %pushi/vec4 0, 0, 1;
    %store/vec4 v0000017c849fb130_0, 0, 1;
    %pushi/vec4 0, 0, 3;
    %store/vec4 v0000017c849fc710_0, 0, 3;
    %pushi/vec4 0, 0, 1;
    %store/vec4 v0000017c849fc030_0, 0, 1;
    %pushi/vec4 1, 0, 1;
    %store/vec4 v0000017c849fb3b0_0, 0, 1;
    %pushi/vec4 0, 0, 1;
    %store/vec4 v0000017c849fc0d0_0, 0, 1;
    %pushi/vec4 0, 0, 2;
    %store/vec4 v0000017c849fc170_0, 0, 2;
    %jmp T_2.14;
T_2.7 ;
    %pushi/vec4 0, 0, 1;
    %store/vec4 v0000017c849fb590_0, 0, 1;
    %pushi/vec4 1, 0, 1;
    %store/vec4 v0000017c849fc210_0, 0, 1;
    %pushi/vec4 1, 0, 1;
    %store/vec4 v0000017c849fb130_0, 0, 1;
    %pushi/vec4 1, 0, 3;
    %store/vec4 v0000017c849fc710_0, 0, 3;
    %pushi/vec4 1, 0, 1;
    %store/vec4 v0000017c849fc030_0, 0, 1;
    %pushi/vec4 0, 0, 1;
    %store/vec4 v0000017c849fb3b0_0, 0, 1;
    %pushi/vec4 0, 0, 1;
    %store/vec4 v0000017c849fc0d0_0, 0, 1;
    %pushi/vec4 0, 0, 2;
    %store/vec4 v0000017c849fc170_0, 0, 2;
    %jmp T_2.14;
T_2.8 ;
    %pushi/vec4 0, 0, 1;
    %store/vec4 v0000017c849fb590_0, 0, 1;
    %pushi/vec4 1, 0, 1;
    %store/vec4 v0000017c849fc210_0, 0, 1;
    %pushi/vec4 1, 0, 1;
    %store/vec4 v0000017c849fb130_0, 0, 1;
    %pushi/vec4 1, 0, 3;
    %store/vec4 v0000017c849fc710_0, 0, 3;
    %pushi/vec4 0, 0, 1;
    %store/vec4 v0000017c849fc030_0, 0, 1;
    %pushi/vec4 0, 0, 1;
    %store/vec4 v0000017c849fb3b0_0, 0, 1;
    %pushi/vec4 1, 0, 1;
    %store/vec4 v0000017c849fc0d0_0, 0, 1;
    %pushi/vec4 0, 0, 2;
    %store/vec4 v0000017c849fc170_0, 0, 2;
    %jmp T_2.14;
T_2.9 ;
    %pushi/vec4 1, 0, 1;
    %store/vec4 v0000017c849fb590_0, 0, 1;
    %pushi/vec4 0, 0, 1;
    %store/vec4 v0000017c849fc210_0, 0, 1;
    %pushi/vec4 0, 0, 1;
    %store/vec4 v0000017c849fb130_0, 0, 1;
    %pushi/vec4 4, 0, 3;
    %store/vec4 v0000017c849fc710_0, 0, 3;
    %pushi/vec4 0, 0, 1;
    %store/vec4 v0000017c849fc030_0, 0, 1;
    %pushi/vec4 0, 0, 1;
    %store/vec4 v0000017c849fb3b0_0, 0, 1;
    %pushi/vec4 0, 0, 1;
    %store/vec4 v0000017c849fc0d0_0, 0, 1;
    %pushi/vec4 0, 0, 2;
    %store/vec4 v0000017c849fc170_0, 0, 2;
    %jmp T_2.14;
T_2.10 ;
    %pushi/vec4 1, 0, 1;
    %store/vec4 v0000017c849fb590_0, 0, 1;
    %pushi/vec4 0, 0, 1;
    %store/vec4 v0000017c849fc210_0, 0, 1;
    %pushi/vec4 0, 0, 1;
    %store/vec4 v0000017c849fb130_0, 0, 1;
    %pushi/vec4 4, 0, 3;
    %store/vec4 v0000017c849fc710_0, 0, 3;
    %pushi/vec4 0, 0, 1;
    %store/vec4 v0000017c849fc030_0, 0, 1;
    %pushi/vec4 0, 0, 1;
    %store/vec4 v0000017c849fb3b0_0, 0, 1;
    %pushi/vec4 0, 0, 1;
    %store/vec4 v0000017c849fc0d0_0, 0, 1;
    %pushi/vec4 1, 0, 2;
    %store/vec4 v0000017c849fc170_0, 0, 2;
    %jmp T_2.14;
T_2.11 ;
    %pushi/vec4 1, 0, 1;
    %store/vec4 v0000017c849fb590_0, 0, 1;
    %pushi/vec4 0, 0, 1;
    %store/vec4 v0000017c849fc210_0, 0, 1;
    %pushi/vec4 0, 0, 1;
    %store/vec4 v0000017c849fb130_0, 0, 1;
    %pushi/vec4 4, 0, 3;
    %store/vec4 v0000017c849fc710_0, 0, 3;
    %pushi/vec4 0, 0, 1;
    %store/vec4 v0000017c849fc030_0, 0, 1;
    %pushi/vec4 0, 0, 1;
    %store/vec4 v0000017c849fb3b0_0, 0, 1;
    %pushi/vec4 0, 0, 1;
    %store/vec4 v0000017c849fc0d0_0, 0, 1;
    %pushi/vec4 2, 0, 2;
    %store/vec4 v0000017c849fc170_0, 0, 2;
    %jmp T_2.14;
T_2.12 ;
    %pushi/vec4 1, 0, 1;
    %store/vec4 v0000017c849fb590_0, 0, 1;
    %pushi/vec4 0, 0, 1;
    %store/vec4 v0000017c849fc210_0, 0, 1;
    %pushi/vec4 0, 0, 1;
    %store/vec4 v0000017c849fb130_0, 0, 1;
    %pushi/vec4 4, 0, 3;
    %store/vec4 v0000017c849fc710_0, 0, 3;
    %pushi/vec4 0, 0, 1;
    %store/vec4 v0000017c849fc030_0, 0, 1;
    %pushi/vec4 0, 0, 1;
    %store/vec4 v0000017c849fb3b0_0, 0, 1;
    %pushi/vec4 0, 0, 1;
    %store/vec4 v0000017c849fc0d0_0, 0, 1;
    %pushi/vec4 3, 0, 2;
    %store/vec4 v0000017c849fc170_0, 0, 2;
    %jmp T_2.14;
T_2.14 ;
    %pop/vec4 1;
    %jmp T_2;
    .thread T_2, $push;
    .scope S_0000017c849f89d0;
T_3 ;
    %wait E_0000017c849846e0;
    %load/vec4 v0000017c849fe0b0_0;
    %cmpi/e 1, 0, 1;
    %jmp/0xz  T_3.0, 4;
    %delay 1, 0;
    %pushi/vec4 0, 0, 32;
    %store/vec4 v0000017c849ffe10_0, 0, 32;
T_3.2 ;
    %load/vec4 v0000017c849ffe10_0;
    %cmpi/s 8, 0, 32;
    %jmp/0xz T_3.3, 5;
    %pushi/vec4 0, 0, 8;
    %ix/getv/s 3, v0000017c849ffe10_0;
    %ix/load 4, 0, 0; Constant delay
    %assign/vec4/a/d v0000017c849fe330, 0, 4;
    %load/vec4 v0000017c849ffe10_0;
    %addi 1, 0, 32;
    %store/vec4 v0000017c849ffe10_0, 0, 32;
    %jmp T_3.2;
T_3.3 ;
    %jmp T_3.1;
T_3.0 ;
    %load/vec4 v0000017c849ff9b0_0;
    %cmpi/e 1, 0, 1;
    %jmp/0xz  T_3.4, 4;
    %delay 1, 0;
    %load/vec4 v0000017c849fcf30_0;
    %load/vec4 v0000017c849feb50_0;
    %pad/u 5;
    %ix/vec4 3;
    %ix/load 4, 0, 0; Constant delay
    %assign/vec4/a/d v0000017c849fe330, 0, 4;
T_3.4 ;
T_3.1 ;
    %jmp T_3;
    .thread T_3;
    .scope S_0000017c84a01510;
T_4 ;
    %wait E_0000017c84984b60;
    %delay 1, 0;
    %load/vec4 v0000017c849ffb90_0;
    %inv;
    %addi 1, 0, 8;
    %store/vec4 v0000017c849fed30_0, 0, 8;
    %jmp T_4;
    .thread T_4, $push;
    .scope S_0000017c849f8840;
T_5 ;
    %wait E_0000017c849846a0;
    %load/vec4 v0000017c849fb8b0_0;
    %cmpi/e 0, 0, 1;
    %jmp/0xz  T_5.0, 4;
    %load/vec4 v0000017c849fc7b0_0;
    %store/vec4 v0000017c849fb6d0_0, 0, 8;
    %jmp T_5.1;
T_5.0 ;
    %load/vec4 v0000017c849fcc10_0;
    %store/vec4 v0000017c849fb6d0_0, 0, 8;
T_5.1 ;
    %jmp T_5;
    .thread T_5, $push;
    .scope S_0000017c849f86b0;
T_6 ;
    %wait E_0000017c84984760;
    %load/vec4 v0000017c849fb770_0;
    %cmpi/e 0, 0, 1;
    %jmp/0xz  T_6.0, 4;
    %load/vec4 v0000017c849fb1d0_0;
    %store/vec4 v0000017c849fb9f0_0, 0, 8;
    %jmp T_6.1;
T_6.0 ;
    %load/vec4 v0000017c849fccb0_0;
    %store/vec4 v0000017c849fb9f0_0, 0, 8;
T_6.1 ;
    %jmp T_6;
    .thread T_6, $push;
    .scope S_0000017c8494ddd0;
T_7 ;
    %wait E_0000017c84984b20;
    %load/vec4 v0000017c84996a20_0;
    %dup/vec4;
    %pushi/vec4 0, 0, 2;
    %cmp/u;
    %jmp/1 T_7.0, 6;
    %dup/vec4;
    %pushi/vec4 1, 0, 2;
    %cmp/u;
    %jmp/1 T_7.1, 6;
    %dup/vec4;
    %pushi/vec4 2, 0, 2;
    %cmp/u;
    %jmp/1 T_7.2, 6;
    %dup/vec4;
    %pushi/vec4 3, 0, 2;
    %cmp/u;
    %jmp/1 T_7.3, 6;
    %pushi/vec4 255, 255, 8;
    %store/vec4 v0000017c84996b60_0, 0, 8;
    %jmp T_7.5;
T_7.0 ;
    %load/vec4 v0000017c84996200_0;
    %assign/vec4 v0000017c84996b60_0, 0;
    %jmp T_7.5;
T_7.1 ;
    %load/vec4 v0000017c84997b00_0;
    %assign/vec4 v0000017c84996b60_0, 0;
    %jmp T_7.5;
T_7.2 ;
    %load/vec4 v0000017c84996fc0_0;
    %assign/vec4 v0000017c84996b60_0, 0;
    %jmp T_7.5;
T_7.3 ;
    %load/vec4 v0000017c84997ba0_0;
    %assign/vec4 v0000017c84996b60_0, 0;
    %jmp T_7.5;
T_7.5 ;
    %pop/vec4 1;
    %jmp T_7;
    .thread T_7, $push;
    .scope S_0000017c84917aa0;
T_8 ;
    %wait E_0000017c84984c60;
    %load/vec4 v0000017c849f7960_0;
    %cmpi/e 0, 0, 1;
    %jmp/0xz  T_8.0, 4;
    %load/vec4 v0000017c849f7f00_0;
    %store/vec4 v0000017c849f6240_0, 0, 8;
    %jmp T_8.1;
T_8.0 ;
    %load/vec4 v0000017c849f7a00_0;
    %store/vec4 v0000017c849f6240_0, 0, 8;
T_8.1 ;
    %jmp T_8;
    .thread T_8, $push;
    .scope S_0000017c8494df60;
T_9 ;
    %wait E_0000017c849845a0;
    %load/vec4 v0000017c84997920_0;
    %dup/vec4;
    %pushi/vec4 0, 0, 2;
    %cmp/u;
    %jmp/1 T_9.0, 6;
    %dup/vec4;
    %pushi/vec4 1, 0, 2;
    %cmp/u;
    %jmp/1 T_9.1, 6;
    %dup/vec4;
    %pushi/vec4 2, 0, 2;
    %cmp/u;
    %jmp/1 T_9.2, 6;
    %dup/vec4;
    %pushi/vec4 3, 0, 2;
    %cmp/u;
    %jmp/1 T_9.3, 6;
    %pushi/vec4 255, 255, 8;
    %store/vec4 v0000017c849968e0_0, 0, 8;
    %jmp T_9.5;
T_9.0 ;
    %load/vec4 v0000017c84997d80_0;
    %assign/vec4 v0000017c849968e0_0, 0;
    %jmp T_9.5;
T_9.1 ;
    %load/vec4 v0000017c84997060_0;
    %assign/vec4 v0000017c849968e0_0, 0;
    %jmp T_9.5;
T_9.2 ;
    %load/vec4 v0000017c84997ec0_0;
    %assign/vec4 v0000017c849968e0_0, 0;
    %jmp T_9.5;
T_9.3 ;
    %load/vec4 v0000017c849967a0_0;
    %assign/vec4 v0000017c849968e0_0, 0;
    %jmp T_9.5;
T_9.5 ;
    %pop/vec4 1;
    %jmp T_9;
    .thread T_9, $push;
    .scope S_0000017c849f8cf0;
T_10 ;
    %wait E_0000017c849848a0;
    %load/vec4 v0000017c849f7460_0;
    %cmpi/e 0, 0, 1;
    %jmp/0xz  T_10.0, 4;
    %load/vec4 v0000017c849f6380_0;
    %store/vec4 v0000017c849f6c40_0, 0, 8;
    %jmp T_10.1;
T_10.0 ;
    %load/vec4 v0000017c849f6ce0_0;
    %store/vec4 v0000017c849f6c40_0, 0, 8;
T_10.1 ;
    %jmp T_10;
    .thread T_10, $push;
    .scope S_0000017c849362d0;
T_11 ;
    %wait E_0000017c84984aa0;
    %load/vec4 v0000017c849f62e0_0;
    %dup/vec4;
    %pushi/vec4 0, 0, 2;
    %cmp/u;
    %jmp/1 T_11.0, 6;
    %dup/vec4;
    %pushi/vec4 1, 0, 2;
    %cmp/u;
    %jmp/1 T_11.1, 6;
    %dup/vec4;
    %pushi/vec4 2, 0, 2;
    %cmp/u;
    %jmp/1 T_11.2, 6;
    %dup/vec4;
    %pushi/vec4 3, 0, 2;
    %cmp/u;
    %jmp/1 T_11.3, 6;
    %pushi/vec4 255, 255, 8;
    %store/vec4 v0000017c849f7b40_0, 0, 8;
    %jmp T_11.5;
T_11.0 ;
    %load/vec4 v0000017c84996d40_0;
    %assign/vec4 v0000017c849f7b40_0, 0;
    %jmp T_11.5;
T_11.1 ;
    %load/vec4 v0000017c84997240_0;
    %assign/vec4 v0000017c849f7b40_0, 0;
    %jmp T_11.5;
T_11.2 ;
    %load/vec4 v0000017c84997380_0;
    %assign/vec4 v0000017c849f7b40_0, 0;
    %jmp T_11.5;
T_11.3 ;
    %load/vec4 v0000017c84997420_0;
    %assign/vec4 v0000017c849f7b40_0, 0;
    %jmp T_11.5;
T_11.5 ;
    %pop/vec4 1;
    %jmp T_11;
    .thread T_11, $push;
    .scope S_0000017c849f8520;
T_12 ;
    %wait E_0000017c84984660;
    %load/vec4 v0000017c849f6f60_0;
    %cmpi/e 0, 0, 1;
    %jmp/0xz  T_12.0, 4;
    %load/vec4 v0000017c849f7640_0;
    %store/vec4 v0000017c849f7c80_0, 0, 8;
    %jmp T_12.1;
T_12.0 ;
    %load/vec4 v0000017c849f6ec0_0;
    %store/vec4 v0000017c849f7c80_0, 0, 8;
T_12.1 ;
    %jmp T_12;
    .thread T_12, $push;
    .scope S_0000017c84936460;
T_13 ;
    %wait E_0000017c849841a0;
    %load/vec4 v0000017c849f7500_0;
    %dup/vec4;
    %pushi/vec4 0, 0, 2;
    %cmp/u;
    %jmp/1 T_13.0, 6;
    %dup/vec4;
    %pushi/vec4 1, 0, 2;
    %cmp/u;
    %jmp/1 T_13.1, 6;
    %dup/vec4;
    %pushi/vec4 2, 0, 2;
    %cmp/u;
    %jmp/1 T_13.2, 6;
    %dup/vec4;
    %pushi/vec4 3, 0, 2;
    %cmp/u;
    %jmp/1 T_13.3, 6;
    %pushi/vec4 255, 255, 8;
    %store/vec4 v0000017c849f7e60_0, 0, 8;
    %jmp T_13.5;
T_13.0 ;
    %load/vec4 v0000017c849f6d80_0;
    %assign/vec4 v0000017c849f7e60_0, 0;
    %jmp T_13.5;
T_13.1 ;
    %load/vec4 v0000017c849f7780_0;
    %assign/vec4 v0000017c849f7e60_0, 0;
    %jmp T_13.5;
T_13.2 ;
    %load/vec4 v0000017c849f6740_0;
    %assign/vec4 v0000017c849f7e60_0, 0;
    %jmp T_13.5;
T_13.3 ;
    %load/vec4 v0000017c849f6e20_0;
    %assign/vec4 v0000017c849f7e60_0, 0;
    %jmp T_13.5;
T_13.5 ;
    %pop/vec4 1;
    %jmp T_13;
    .thread T_13, $push;
    .scope S_0000017c8494a920;
T_14 ;
    %wait E_0000017c849843e0;
    %load/vec4 v0000017c849974c0_0;
    %cmpi/e 0, 0, 1;
    %jmp/0xz  T_14.0, 4;
    %load/vec4 v0000017c84996660_0;
    %store/vec4 v0000017c849963e0_0, 0, 8;
    %jmp T_14.1;
T_14.0 ;
    %load/vec4 v0000017c84996700_0;
    %store/vec4 v0000017c849963e0_0, 0, 8;
T_14.1 ;
    %jmp T_14;
    .thread T_14, $push;
    .scope S_0000017c8494a790;
T_15 ;
    %wait E_0000017c849838e0;
    %load/vec4 v0000017c849f7be0_0;
    %parti/s 4, 0, 2;
    %cmpi/u 8, 0, 4;
    %jmp/0xz  T_15.0, 5;
    %load/vec4 v0000017c849f7be0_0;
    %parti/s 4, 0, 2;
    %store/vec4 v0000017c849f6100_0, 0, 4;
    %jmp T_15.1;
T_15.0 ;
    %pushi/vec4 8, 0, 4;
    %store/vec4 v0000017c849f6100_0, 0, 4;
T_15.1 ;
    %jmp T_15;
    .thread T_15, $push;
    .scope S_0000017c8494a790;
T_16 ;
    %wait E_0000017c849832a0;
    %pushi/vec4 0, 0, 8;
    %store/vec4 v0000017c849f66a0_0, 0, 8;
    %load/vec4 v0000017c849f69c0_0;
    %parti/s 7, 0, 2;
    %pad/u 8;
    %store/vec4 v0000017c849f76e0_0, 0, 8;
    %load/vec4 v0000017c849f69c0_0;
    %parti/s 7, 1, 2;
    %pad/u 8;
    %store/vec4 v0000017c849f7dc0_0, 0, 8;
    %load/vec4 v0000017c849f69c0_0;
    %parti/s 1, 7, 4;
    %concati/vec4 0, 0, 7;
    %store/vec4 v0000017c849f7aa0_0, 0, 8;
    %load/vec4 v0000017c849f69c0_0;
    %parti/s 6, 0, 2;
    %pad/u 7;
    %ix/load 4, 0, 0;
    %flag_set/imm 4, 0;
    %store/vec4 v0000017c849f7000_0, 4, 7;
    %load/vec4 v0000017c849f69c0_0;
    %parti/s 1, 0, 2;
    %pad/u 8;
    %store/vec4 v0000017c849f70a0_0, 0, 8;
    %jmp T_16;
    .thread T_16, $push;
    .scope S_0000017c8494a790;
T_17 ;
    %wait E_0000017c84982ee0;
    %load/vec4 v0000017c849f75a0_0;
    %parti/s 6, 0, 2;
    %pad/u 8;
    %store/vec4 v0000017c849f6a60_0, 0, 8;
    %load/vec4 v0000017c849f75a0_0;
    %parti/s 6, 2, 3;
    %pad/u 8;
    %store/vec4 v0000017c849f7820_0, 0, 8;
    %load/vec4 v0000017c849f75a0_0;
    %parti/s 5, 0, 2;
    %pad/u 7;
    %ix/load 4, 0, 0;
    %flag_set/imm 4, 0;
    %store/vec4 v0000017c849f67e0_0, 4, 7;
    %load/vec4 v0000017c849f75a0_0;
    %parti/s 4, 1, 2;
    %pad/u 7;
    %ix/load 4, 0, 0;
    %flag_set/imm 4, 0;
    %store/vec4 v0000017c849f7140_0, 4, 7;
    %jmp T_17;
    .thread T_17, $push;
    .scope S_0000017c8494a790;
T_18 ;
    %wait E_0000017c84982960;
    %load/vec4 v0000017c849f71e0_0;
    %parti/s 4, 0, 2;
    %pad/u 8;
    %store/vec4 v0000017c849f6060_0, 0, 8;
    %load/vec4 v0000017c849f71e0_0;
    %parti/s 4, 4, 4;
    %pad/u 8;
    %store/vec4 v0000017c849f6920_0, 0, 8;
    %load/vec4 v0000017c849f71e0_0;
    %parti/s 3, 0, 2;
    %pad/u 7;
    %ix/load 4, 0, 0;
    %flag_set/imm 4, 0;
    %store/vec4 v0000017c849f73c0_0, 4, 7;
    %load/vec4 v0000017c849f71e0_0;
    %parti/s 3, 3, 3;
    %pad/u 7;
    %ix/load 4, 0, 0;
    %flag_set/imm 4, 0;
    %store/vec4 v0000017c849f7280_0, 4, 7;
    %jmp T_18;
    .thread T_18, $push;
    .scope S_0000017c84956c20;
T_19 ;
    %wait E_0000017c84982a20;
    %load/vec4 v0000017c84997100_0;
    %dup/vec4;
    %pushi/vec4 0, 0, 3;
    %cmp/u;
    %jmp/1 T_19.0, 6;
    %dup/vec4;
    %pushi/vec4 1, 0, 3;
    %cmp/u;
    %jmp/1 T_19.1, 6;
    %dup/vec4;
    %pushi/vec4 2, 0, 3;
    %cmp/u;
    %jmp/1 T_19.2, 6;
    %dup/vec4;
    %pushi/vec4 3, 0, 3;
    %cmp/u;
    %jmp/1 T_19.3, 6;
    %dup/vec4;
    %pushi/vec4 4, 0, 3;
    %cmp/u;
    %jmp/1 T_19.4, 6;
    %pushi/vec4 255, 255, 8;
    %store/vec4 v0000017c84996ca0_0, 0, 8;
    %jmp T_19.6;
T_19.0 ;
    %load/vec4 v0000017c849965c0_0;
    %assign/vec4 v0000017c84996ca0_0, 0;
    %jmp T_19.6;
T_19.1 ;
    %load/vec4 v0000017c84996e80_0;
    %assign/vec4 v0000017c84996ca0_0, 0;
    %jmp T_19.6;
T_19.2 ;
    %load/vec4 v0000017c84996de0_0;
    %assign/vec4 v0000017c84996ca0_0, 0;
    %jmp T_19.6;
T_19.3 ;
    %load/vec4 v0000017c84997880_0;
    %assign/vec4 v0000017c84996ca0_0, 0;
    %jmp T_19.6;
T_19.4 ;
    %load/vec4 v0000017c84996840_0;
    %assign/vec4 v0000017c84996ca0_0, 0;
    %jmp T_19.6;
T_19.6 ;
    %pop/vec4 1;
    %jmp T_19;
    .thread T_19, $push;
    .scope S_0000017c8494d4c0;
T_20 ;
    %wait E_0000017c849815a0;
    %load/vec4 v0000017c849fb630_0;
    %cmpi/e 0, 0, 8;
    %jmp/0xz  T_20.0, 4;
    %pushi/vec4 1, 0, 1;
    %store/vec4 v0000017c849fc5d0_0, 0, 1;
    %jmp T_20.1;
T_20.0 ;
    %pushi/vec4 0, 0, 1;
    %store/vec4 v0000017c849fc5d0_0, 0, 1;
T_20.1 ;
    %jmp T_20;
    .thread T_20, $push;
    .scope S_0000017c84a01380;
T_21 ;
    %wait E_0000017c84984560;
    %load/vec4 v0000017c849fe8d0_0;
    %parti/s 1, 7, 4;
    %cmpi/e 1, 0, 1;
    %jmp/0xz  T_21.0, 4;
    %pushi/vec4 16777215, 0, 24;
    %load/vec4 v0000017c849fe8d0_0;
    %concat/vec4; draw_concat_vec4
    %store/vec4 v0000017c849fef10_0, 0, 32;
    %jmp T_21.1;
T_21.0 ;
    %pushi/vec4 0, 0, 24;
    %load/vec4 v0000017c849fe8d0_0;
    %concat/vec4; draw_concat_vec4
    %store/vec4 v0000017c849fef10_0, 0, 32;
T_21.1 ;
    %jmp T_21;
    .thread T_21, $push;
    .scope S_0000017c849f8390;
T_22 ;
    %wait E_0000017c84984d60;
    %load/vec4 v0000017c849fb810_0;
    %load/vec4 v0000017c849fb950_0;
    %and;
    %load/vec4 v0000017c849fbef0_0;
    %or;
    %load/vec4 v0000017c849fb810_0;
    %inv;
    %load/vec4 v0000017c849fc350_0;
    %and;
    %or;
    %store/vec4 v0000017c849fbb30_0, 0, 1;
    %jmp T_22;
    .thread T_22, $push;
    .scope S_0000017c84959630;
T_23 ;
    %wait E_0000017c84984720;
    %load/vec4 v0000017c84a036b0_0;
    %cmpi/e 0, 0, 1;
    %jmp/0xz  T_23.0, 4;
    %load/vec4 v0000017c849ffa50_0;
    %store/vec4 v0000017c849ffaf0_0, 0, 32;
    %jmp T_23.1;
T_23.0 ;
    %load/vec4 v0000017c849ff910_0;
    %store/vec4 v0000017c849ffaf0_0, 0, 32;
T_23.1 ;
    %jmp T_23;
    .thread T_23, $push;
    .scope S_0000017c849597c0;
T_24 ;
    %wait E_0000017c84984ca0;
    %load/vec4 v0000017c84a025d0_0;
    %cmpi/e 0, 0, 8;
    %jmp/0xz  T_24.0, 4;
    %pushi/vec4 1, 0, 1;
    %store/vec4 v0000017c84a023f0_0, 0, 1;
    %jmp T_24.1;
T_24.0 ;
    %pushi/vec4 0, 0, 1;
    %store/vec4 v0000017c84a023f0_0, 0, 1;
T_24.1 ;
    %jmp T_24;
    .thread T_24, $push;
# The file index is used to find the file name in the following table.
:file_names 17;
    "N/A";
    "<interactive>";
    "./32bitadder.v";
    "cpu.v";
    "./alu.v";
    "./mux2x1.v";
    "./MuxUnit4.v";
    "./controlunit.v";
    "./decoder.v";
    "./leftshift.v";
    "./32bitmux_control.v";
    "./pc.v";
    "./reg_file.v";
    "./signextend.v";
    "./2scompement.v";
    "./32bitmux.v";
    "./zero.v";
