#! /c/Source/iverilog-install/bin/vvp
:ivl_version "12.0 (devel)" "(s20150603-1539-g2693dd32b)";
:ivl_delay_selection "TYPICAL";
:vpi_time_precision + 0;
:vpi_module "D:\verilog\iverilog\lib\ivl\system.vpi";
:vpi_module "D:\verilog\iverilog\lib\ivl\vhdl_sys.vpi";
:vpi_module "D:\verilog\iverilog\lib\ivl\vhdl_textio.vpi";
:vpi_module "D:\verilog\iverilog\lib\ivl\v2005_math.vpi";
:vpi_module "D:\verilog\iverilog\lib\ivl\va_math.vpi";
S_000001ec7b302df0 .scope module, "decoder" "decoder" 2 1;
 .timescale 0 0;
    .port_info 0 /INPUT 32 "instruction";
    .port_info 1 /OUTPUT 8 "opcode";
    .port_info 2 /OUTPUT 8 "immediate";
    .port_info 3 /OUTPUT 3 "readreg2";
    .port_info 4 /OUTPUT 3 "readreg1";
    .port_info 5 /OUTPUT 3 "writereg";
    .port_info 6 /OUTPUT 8 "jumpOrbranch";
v000001ec7b303000_0 .var "immediate", 7 0;
o000001ec7b337008 .functor BUFZ 32, C4<zzzzzzzzzzzzzzzzzzzzzzzzzzzzzzzz>; HiZ drive
v000001ec7b3030a0_0 .net "instruction", 31 0, o000001ec7b337008;  0 drivers
v000001ec7b4bb9f0_0 .var "jumpOrbranch", 7 0;
v000001ec7b4bba90_0 .var "opcode", 7 0;
v000001ec7b4bbb30_0 .var "readreg1", 2 0;
v000001ec7b4bbbd0_0 .var "readreg2", 2 0;
v000001ec7b4bbc70_0 .var "writereg", 2 0;
E_000001ec7b4bc7e0 .event anyedge, v000001ec7b3030a0_0;
    .scope S_000001ec7b302df0;
T_0 ;
    %wait E_000001ec7b4bc7e0;
    %load/vec4 v000001ec7b3030a0_0;
    %parti/s 8, 24, 6;
    %store/vec4 v000001ec7b4bba90_0, 0, 8;
    %load/vec4 v000001ec7b3030a0_0;
    %parti/s 3, 16, 6;
    %store/vec4 v000001ec7b4bbc70_0, 0, 3;
    %load/vec4 v000001ec7b3030a0_0;
    %parti/s 3, 8, 5;
    %store/vec4 v000001ec7b4bbb30_0, 0, 3;
    %load/vec4 v000001ec7b3030a0_0;
    %parti/s 3, 0, 2;
    %store/vec4 v000001ec7b4bbbd0_0, 0, 3;
    %load/vec4 v000001ec7b3030a0_0;
    %parti/s 8, 0, 2;
    %store/vec4 v000001ec7b303000_0, 0, 8;
    %load/vec4 v000001ec7b3030a0_0;
    %parti/s 8, 16, 6;
    %store/vec4 v000001ec7b4bb9f0_0, 0, 8;
    %jmp T_0;
    .thread T_0, $push;
# The file index is used to find the file name in the following table.
:file_names 3;
    "N/A";
    "<interactive>";
    "decoder.v";
