#! /c/Source/iverilog-install/bin/vvp
:ivl_version "12.0 (devel)" "(s20150603-1539-g2693dd32b)";
:ivl_delay_selection "TYPICAL";
:vpi_time_precision + 0;
:vpi_module "D:\verilog\iverilog\lib\ivl\system.vpi";
:vpi_module "D:\verilog\iverilog\lib\ivl\vhdl_sys.vpi";
:vpi_module "D:\verilog\iverilog\lib\ivl\vhdl_textio.vpi";
:vpi_module "D:\verilog\iverilog\lib\ivl\v2005_math.vpi";
:vpi_module "D:\verilog\iverilog\lib\ivl\va_math.vpi";
S_00000212b8d9c1b0 .scope module, "ALUUnit" "ALUUnit" 2 131;
 .timescale 0 0;
    .port_info 0 /INPUT 8 "data1";
    .port_info 1 /INPUT 8 "data2";
    .port_info 2 /INPUT 3 "select";
    .port_info 3 /OUTPUT 8 "result";
    .port_info 4 /OUTPUT 1 "zero";
    .port_info 5 /INPUT 2 "islogicalorisleft";
v00000212b8e1b5f0_0 .net "Ii1", 7 0, L_00000212b8db88b0;  1 drivers
v00000212b8e1b690_0 .net "Ii2", 7 0, L_00000212b8e1b0f0;  1 drivers
v00000212b8e1baf0_0 .net "Ii3", 7 0, L_00000212b8db85a0;  1 drivers
v00000212b8e1a8d0_0 .net "Ii4", 7 0, L_00000212b8db7ab0;  1 drivers
v00000212b8e1bd70_0 .net "Ii5", 7 0, v00000212b8e0f620_0;  1 drivers
o00000212b8dbdf38 .functor BUFZ 8, C4<zzzzzzzz>; HiZ drive
v00000212b8e1bb90_0 .net "data1", 7 0, o00000212b8dbdf38;  0 drivers
o00000212b8dbdf68 .functor BUFZ 8, C4<zzzzzzzz>; HiZ drive
v00000212b8e1afb0_0 .net "data2", 7 0, o00000212b8dbdf68;  0 drivers
o00000212b8dbe688 .functor BUFZ 2, C4<zz>; HiZ drive
v00000212b8e1b870_0 .net "islogicalorisleft", 1 0, o00000212b8dbe688;  0 drivers
v00000212b8e1aa10_0 .net "result", 7 0, v00000212b8db5ae0_0;  1 drivers
o00000212b8dbe238 .functor BUFZ 3, C4<zzz>; HiZ drive
v00000212b8e1a970_0 .net "select", 2 0, o00000212b8dbe238;  0 drivers
v00000212b8e1b410_0 .var "zero", 0 0;
E_00000212b8dbbf90 .event anyedge, v00000212b8db5ae0_0;
S_00000212b8d9c340 .scope module, "add" "AddUnit" 2 151, 2 10 0, S_00000212b8d9c1b0;
 .timescale 0 0;
    .port_info 0 /INPUT 8 "data1";
    .port_info 1 /INPUT 8 "data2";
    .port_info 2 /OUTPUT 8 "result";
v00000212b8db66c0_0 .net "data1", 7 0, o00000212b8dbdf38;  alias, 0 drivers
v00000212b8db6440_0 .net "data2", 7 0, o00000212b8dbdf68;  alias, 0 drivers
v00000212b8db64e0_0 .net "result", 7 0, L_00000212b8e1b0f0;  alias, 1 drivers
L_00000212b8e1b0f0 .delay 8 (2,2,2) L_00000212b8e1b0f0/d;
L_00000212b8e1b0f0/d .arith/sum 8, o00000212b8dbdf38, o00000212b8dbdf68;
S_00000212b8d9bc80 .scope module, "and1" "AndUnit" 2 152, 2 16 0, S_00000212b8d9c1b0;
 .timescale 0 0;
    .port_info 0 /INPUT 8 "data1";
    .port_info 1 /INPUT 8 "data2";
    .port_info 2 /OUTPUT 8 "result";
L_00000212b8db85a0/d .functor AND 8, o00000212b8dbdf38, o00000212b8dbdf68, C4<11111111>, C4<11111111>;
L_00000212b8db85a0 .delay 8 (1,1,1) L_00000212b8db85a0/d;
v00000212b8db6080_0 .net "data1", 7 0, o00000212b8dbdf38;  alias, 0 drivers
v00000212b8db5f40_0 .net "data2", 7 0, o00000212b8dbdf68;  alias, 0 drivers
v00000212b8db6760_0 .net "result", 7 0, L_00000212b8db85a0;  alias, 1 drivers
S_00000212b8d9be10 .scope module, "forward" "ForwardUnit" 2 150, 2 4 0, S_00000212b8d9c1b0;
 .timescale 0 0;
    .port_info 0 /INPUT 8 "data2";
    .port_info 1 /OUTPUT 8 "result";
L_00000212b8db88b0/d .functor BUFZ 8, o00000212b8dbdf68, C4<00000000>, C4<00000000>, C4<00000000>;
L_00000212b8db88b0 .delay 8 (1,1,1) L_00000212b8db88b0/d;
v00000212b8db5e00_0 .net "data2", 7 0, o00000212b8dbdf68;  alias, 0 drivers
v00000212b8db61c0_0 .net "result", 7 0, L_00000212b8db88b0;  alias, 1 drivers
S_00000212b8d960e0 .scope module, "mux" "MuxUnit" 2 155, 2 113 0, S_00000212b8d9c1b0;
 .timescale 0 0;
    .port_info 0 /INPUT 8 "I1";
    .port_info 1 /INPUT 8 "I2";
    .port_info 2 /INPUT 8 "I3";
    .port_info 3 /INPUT 8 "I4";
    .port_info 4 /INPUT 8 "I5";
    .port_info 5 /INPUT 3 "select";
    .port_info 6 /OUTPUT 8 "result";
v00000212b8db6260_0 .net "I1", 7 0, L_00000212b8db88b0;  alias, 1 drivers
v00000212b8db6580_0 .net "I2", 7 0, L_00000212b8e1b0f0;  alias, 1 drivers
v00000212b8db6620_0 .net "I3", 7 0, L_00000212b8db85a0;  alias, 1 drivers
v00000212b8db59a0_0 .net "I4", 7 0, L_00000212b8db7ab0;  alias, 1 drivers
v00000212b8db5a40_0 .net "I5", 7 0, v00000212b8e0f620_0;  alias, 1 drivers
v00000212b8db5ae0_0 .var "result", 7 0;
v00000212b8e10020_0 .net "select", 2 0, o00000212b8dbe238;  alias, 0 drivers
E_00000212b8dbbfd0/0 .event anyedge, v00000212b8e10020_0, v00000212b8db61c0_0, v00000212b8db64e0_0, v00000212b8db6760_0;
E_00000212b8dbbfd0/1 .event anyedge, v00000212b8db59a0_0, v00000212b8db5a40_0;
E_00000212b8dbbfd0 .event/or E_00000212b8dbbfd0/0, E_00000212b8dbbfd0/1;
S_00000212b8d96270 .scope module, "or1" "OrUnit" 2 153, 2 22 0, S_00000212b8d9c1b0;
 .timescale 0 0;
    .port_info 0 /INPUT 8 "data1";
    .port_info 1 /INPUT 8 "data2";
    .port_info 2 /OUTPUT 8 "result";
L_00000212b8db7ab0/d .functor OR 8, o00000212b8dbdf38, o00000212b8dbdf68, C4<00000000>, C4<00000000>;
L_00000212b8db7ab0 .delay 8 (1,1,1) L_00000212b8db7ab0/d;
v00000212b8e10ca0_0 .net "data1", 7 0, o00000212b8dbdf38;  alias, 0 drivers
v00000212b8e10a20_0 .net "data2", 7 0, o00000212b8dbdf68;  alias, 0 drivers
v00000212b8e108e0_0 .net "result", 7 0, L_00000212b8db7ab0;  alias, 1 drivers
S_00000212b8daa730 .scope module, "shift" "shiftUnit" 2 154, 2 28 0, S_00000212b8d9c1b0;
 .timescale 0 0;
    .port_info 0 /INPUT 8 "data1";
    .port_info 1 /INPUT 8 "data2";
    .port_info 2 /OUTPUT 8 "result";
    .port_info 3 /INPUT 2 "islogicalorisleft";
v00000212b8e103e0_0 .var "arithmeticexception", 7 0;
v00000212b8e0ff80_0 .var "control", 3 0;
v00000212b8e10980_0 .net "data1", 7 0, o00000212b8dbdf38;  alias, 0 drivers
v00000212b8e10de0_0 .net "data2", 7 0, o00000212b8dbdf68;  alias, 0 drivers
v00000212b8e0f300_0 .net "exception", 7 0, v00000212b8e10d40_0;  1 drivers
v00000212b8e0f8a0_0 .net "islogicalorisleft", 1 0, o00000212b8dbe688;  alias, 0 drivers
v00000212b8e1a830_0 .var "logicalexception", 7 0;
v00000212b8e1ac90_0 .net "result", 7 0, v00000212b8e0f620_0;  alias, 1 drivers
v00000212b8e1af10_0 .net "result1", 7 0, v00000212b8e10840_0;  1 drivers
v00000212b8e1b910_0 .net "result2", 7 0, v00000212b8e0fe40_0;  1 drivers
v00000212b8e1b9b0_0 .net "result4", 7 0, v00000212b8e0f1c0_0;  1 drivers
v00000212b8e1bc30_0 .net "shift1", 7 0, v00000212b8e0f260_0;  1 drivers
v00000212b8e1bf50_0 .var "shift1ArithmeticLeft", 7 0;
v00000212b8e1ab50_0 .var "shift1ArithmeticRight", 7 0;
v00000212b8e1a0b0_0 .var "shift1LogicalLeft", 7 0;
v00000212b8e1b550_0 .var "shift1LogicalRight", 7 0;
v00000212b8e1b4b0_0 .net "shift2", 7 0, v00000212b8e10ac0_0;  1 drivers
v00000212b8e1b730_0 .var "shift2ArithmeticLeft", 7 0;
v00000212b8e1bcd0_0 .var "shift2ArithmeticRight", 7 0;
v00000212b8e1abf0_0 .var "shift2LogicalLeft", 7 0;
v00000212b8e1a150_0 .var "shift2LogicalRight", 7 0;
v00000212b8e1a650_0 .net "shift4", 7 0, v00000212b8e0fc60_0;  1 drivers
v00000212b8e1ba50_0 .var "shift4ArithmeticLeft", 7 0;
v00000212b8e1a1f0_0 .var "shift4ArithmeticRight", 7 0;
v00000212b8e1ad30_0 .var "shift4LogicalLeft", 7 0;
v00000212b8e1add0_0 .var "shift4LogicalRight", 7 0;
E_00000212b8dbbcd0 .event anyedge, v00000212b8e0fe40_0;
E_00000212b8dbc0d0 .event anyedge, v00000212b8e10840_0;
E_00000212b8dbc550 .event anyedge, v00000212b8db66c0_0;
E_00000212b8dbc290 .event anyedge, v00000212b8db6440_0;
L_00000212b8e1b7d0 .part v00000212b8e0ff80_0, 0, 1;
L_00000212b8e1a290 .part v00000212b8e0ff80_0, 1, 1;
L_00000212b8e1be10 .part v00000212b8e0ff80_0, 2, 1;
L_00000212b8e1beb0 .part v00000212b8e0ff80_0, 3, 1;
S_00000212b8daa8c0 .scope module, "exceptionmux5" "mux2x1" 2 107, 3 1 0, S_00000212b8daa730;
 .timescale 0 0;
    .port_info 0 /INPUT 8 "input1";
    .port_info 1 /INPUT 8 "input2";
    .port_info 2 /INPUT 1 "select";
    .port_info 3 /OUTPUT 8 "out";
v00000212b8e0f940_0 .net "input1", 7 0, v00000212b8e0f1c0_0;  alias, 1 drivers
v00000212b8e0fda0_0 .net "input2", 7 0, v00000212b8e10d40_0;  alias, 1 drivers
v00000212b8e0f620_0 .var "out", 7 0;
v00000212b8e10e80_0 .net "select", 0 0, L_00000212b8e1beb0;  1 drivers
E_00000212b8dbc010 .event anyedge, v00000212b8e10e80_0, v00000212b8e0fda0_0, v00000212b8e0f940_0;
S_00000212b8d4ea10 .scope module, "mux1" "MuxUnit4" 2 64, 4 1 0, S_00000212b8daa730;
 .timescale 0 0;
    .port_info 0 /INPUT 8 "I1";
    .port_info 1 /INPUT 8 "I2";
    .port_info 2 /INPUT 8 "I3";
    .port_info 3 /INPUT 8 "I4";
    .port_info 4 /INPUT 2 "select";
    .port_info 5 /OUTPUT 8 "result";
v00000212b8e0f9e0_0 .net "I1", 7 0, v00000212b8e1ab50_0;  1 drivers
v00000212b8e10c00_0 .net "I2", 7 0, v00000212b8e1bf50_0;  1 drivers
v00000212b8e0fa80_0 .net "I3", 7 0, v00000212b8e1b550_0;  1 drivers
v00000212b8e0f4e0_0 .net "I4", 7 0, v00000212b8e1a0b0_0;  1 drivers
v00000212b8e0f260_0 .var "result", 7 0;
v00000212b8e0f800_0 .net "select", 1 0, o00000212b8dbe688;  alias, 0 drivers
E_00000212b8dbb610/0 .event anyedge, v00000212b8e0f800_0, v00000212b8e0f9e0_0, v00000212b8e10c00_0, v00000212b8e0fa80_0;
E_00000212b8dbb610/1 .event anyedge, v00000212b8e0f4e0_0;
E_00000212b8dbb610 .event/or E_00000212b8dbb610/0, E_00000212b8dbb610/1;
S_00000212b8d4eba0 .scope module, "mux2" "MuxUnit4" 2 81, 4 1 0, S_00000212b8daa730;
 .timescale 0 0;
    .port_info 0 /INPUT 8 "I1";
    .port_info 1 /INPUT 8 "I2";
    .port_info 2 /INPUT 8 "I3";
    .port_info 3 /INPUT 8 "I4";
    .port_info 4 /INPUT 2 "select";
    .port_info 5 /OUTPUT 8 "result";
v00000212b8e0fb20_0 .net "I1", 7 0, v00000212b8e1bcd0_0;  1 drivers
v00000212b8e107a0_0 .net "I2", 7 0, v00000212b8e1b730_0;  1 drivers
v00000212b8e0f3a0_0 .net "I3", 7 0, v00000212b8e1a150_0;  1 drivers
v00000212b8e10f20_0 .net "I4", 7 0, v00000212b8e1abf0_0;  1 drivers
v00000212b8e10ac0_0 .var "result", 7 0;
v00000212b8e0fbc0_0 .net "select", 1 0, o00000212b8dbe688;  alias, 0 drivers
E_00000212b8dbc150/0 .event anyedge, v00000212b8e0f800_0, v00000212b8e0fb20_0, v00000212b8e107a0_0, v00000212b8e0f3a0_0;
E_00000212b8dbc150/1 .event anyedge, v00000212b8e10f20_0;
E_00000212b8dbc150 .event/or E_00000212b8dbc150/0, E_00000212b8dbc150/1;
S_00000212b8d97d90 .scope module, "mux4" "MuxUnit4" 2 98, 4 1 0, S_00000212b8daa730;
 .timescale 0 0;
    .port_info 0 /INPUT 8 "I1";
    .port_info 1 /INPUT 8 "I2";
    .port_info 2 /INPUT 8 "I3";
    .port_info 3 /INPUT 8 "I4";
    .port_info 4 /INPUT 2 "select";
    .port_info 5 /OUTPUT 8 "result";
v00000212b8e100c0_0 .net "I1", 7 0, v00000212b8e1a1f0_0;  1 drivers
v00000212b8e10160_0 .net "I2", 7 0, v00000212b8e1ba50_0;  1 drivers
v00000212b8e0f080_0 .net "I3", 7 0, v00000212b8e1add0_0;  1 drivers
v00000212b8e0f440_0 .net "I4", 7 0, v00000212b8e1ad30_0;  1 drivers
v00000212b8e0fc60_0 .var "result", 7 0;
v00000212b8e10200_0 .net "select", 1 0, o00000212b8dbe688;  alias, 0 drivers
E_00000212b8dbbbd0/0 .event anyedge, v00000212b8e0f800_0, v00000212b8e100c0_0, v00000212b8e10160_0, v00000212b8e0f080_0;
E_00000212b8dbbbd0/1 .event anyedge, v00000212b8e0f440_0;
E_00000212b8dbbbd0 .event/or E_00000212b8dbbbd0/0, E_00000212b8dbbbd0/1;
S_00000212b8d97f20 .scope module, "mux5" "MuxUnit4" 2 105, 4 1 0, S_00000212b8daa730;
 .timescale 0 0;
    .port_info 0 /INPUT 8 "I1";
    .port_info 1 /INPUT 8 "I2";
    .port_info 2 /INPUT 8 "I3";
    .port_info 3 /INPUT 8 "I4";
    .port_info 4 /INPUT 2 "select";
    .port_info 5 /OUTPUT 8 "result";
v00000212b8e0f120_0 .net "I1", 7 0, v00000212b8e103e0_0;  1 drivers
v00000212b8e10700_0 .net "I2", 7 0, v00000212b8e103e0_0;  alias, 1 drivers
v00000212b8e0f580_0 .net "I3", 7 0, v00000212b8e1a830_0;  1 drivers
v00000212b8e10480_0 .net "I4", 7 0, v00000212b8e1a830_0;  alias, 1 drivers
v00000212b8e10d40_0 .var "result", 7 0;
v00000212b8e10b60_0 .net "select", 1 0, o00000212b8dbe688;  alias, 0 drivers
E_00000212b8dbba50/0 .event anyedge, v00000212b8e0f800_0, v00000212b8e0f120_0, v00000212b8e0f120_0, v00000212b8e0f580_0;
E_00000212b8dbba50/1 .event anyedge, v00000212b8e0f580_0;
E_00000212b8dbba50 .event/or E_00000212b8dbba50/0, E_00000212b8dbba50/1;
S_00000212b8dacc00 .scope module, "resultmux1" "mux2x1" 2 66, 3 1 0, S_00000212b8daa730;
 .timescale 0 0;
    .port_info 0 /INPUT 8 "input1";
    .port_info 1 /INPUT 8 "input2";
    .port_info 2 /INPUT 1 "select";
    .port_info 3 /OUTPUT 8 "out";
v00000212b8e105c0_0 .net "input1", 7 0, o00000212b8dbdf38;  alias, 0 drivers
v00000212b8e10520_0 .net "input2", 7 0, v00000212b8e0f260_0;  alias, 1 drivers
v00000212b8e10840_0 .var "out", 7 0;
v00000212b8e0f6c0_0 .net "select", 0 0, L_00000212b8e1b7d0;  1 drivers
E_00000212b8dbb6d0 .event anyedge, v00000212b8e0f6c0_0, v00000212b8e0f260_0, v00000212b8db66c0_0;
S_00000212b8dacd90 .scope module, "resultmux2" "mux2x1" 2 83, 3 1 0, S_00000212b8daa730;
 .timescale 0 0;
    .port_info 0 /INPUT 8 "input1";
    .port_info 1 /INPUT 8 "input2";
    .port_info 2 /INPUT 1 "select";
    .port_info 3 /OUTPUT 8 "out";
v00000212b8e10660_0 .net "input1", 7 0, v00000212b8e10840_0;  alias, 1 drivers
v00000212b8e0fd00_0 .net "input2", 7 0, v00000212b8e10ac0_0;  alias, 1 drivers
v00000212b8e0fe40_0 .var "out", 7 0;
v00000212b8e0fee0_0 .net "select", 0 0, L_00000212b8e1a290;  1 drivers
E_00000212b8dbc250 .event anyedge, v00000212b8e0fee0_0, v00000212b8e10ac0_0, v00000212b8e10840_0;
S_00000212b8d62d60 .scope module, "resultmux4" "mux2x1" 2 100, 3 1 0, S_00000212b8daa730;
 .timescale 0 0;
    .port_info 0 /INPUT 8 "input1";
    .port_info 1 /INPUT 8 "input2";
    .port_info 2 /INPUT 1 "select";
    .port_info 3 /OUTPUT 8 "out";
v00000212b8e102a0_0 .net "input1", 7 0, v00000212b8e0fe40_0;  alias, 1 drivers
v00000212b8e10340_0 .net "input2", 7 0, v00000212b8e0fc60_0;  alias, 1 drivers
v00000212b8e0f1c0_0 .var "out", 7 0;
v00000212b8e0f760_0 .net "select", 0 0, L_00000212b8e1be10;  1 drivers
E_00000212b8dbbc10 .event anyedge, v00000212b8e0f760_0, v00000212b8e0fc60_0, v00000212b8e0fe40_0;
    .scope S_00000212b8d4ea10;
T_0 ;
    %wait E_00000212b8dbb610;
    %load/vec4 v00000212b8e0f800_0;
    %dup/vec4;
    %pushi/vec4 0, 0, 2;
    %cmp/u;
    %jmp/1 T_0.0, 6;
    %dup/vec4;
    %pushi/vec4 1, 0, 2;
    %cmp/u;
    %jmp/1 T_0.1, 6;
    %dup/vec4;
    %pushi/vec4 2, 0, 2;
    %cmp/u;
    %jmp/1 T_0.2, 6;
    %dup/vec4;
    %pushi/vec4 3, 0, 2;
    %cmp/u;
    %jmp/1 T_0.3, 6;
    %pushi/vec4 255, 255, 8;
    %store/vec4 v00000212b8e0f260_0, 0, 8;
    %jmp T_0.5;
T_0.0 ;
    %load/vec4 v00000212b8e0f9e0_0;
    %assign/vec4 v00000212b8e0f260_0, 0;
    %jmp T_0.5;
T_0.1 ;
    %load/vec4 v00000212b8e10c00_0;
    %assign/vec4 v00000212b8e0f260_0, 0;
    %jmp T_0.5;
T_0.2 ;
    %load/vec4 v00000212b8e0fa80_0;
    %assign/vec4 v00000212b8e0f260_0, 0;
    %jmp T_0.5;
T_0.3 ;
    %load/vec4 v00000212b8e0f4e0_0;
    %assign/vec4 v00000212b8e0f260_0, 0;
    %jmp T_0.5;
T_0.5 ;
    %pop/vec4 1;
    %jmp T_0;
    .thread T_0, $push;
    .scope S_00000212b8dacc00;
T_1 ;
    %wait E_00000212b8dbb6d0;
    %load/vec4 v00000212b8e0f6c0_0;
    %cmpi/e 0, 0, 1;
    %jmp/0xz  T_1.0, 4;
    %load/vec4 v00000212b8e105c0_0;
    %store/vec4 v00000212b8e10840_0, 0, 8;
    %jmp T_1.1;
T_1.0 ;
    %load/vec4 v00000212b8e10520_0;
    %store/vec4 v00000212b8e10840_0, 0, 8;
T_1.1 ;
    %jmp T_1;
    .thread T_1, $push;
    .scope S_00000212b8d4eba0;
T_2 ;
    %wait E_00000212b8dbc150;
    %load/vec4 v00000212b8e0fbc0_0;
    %dup/vec4;
    %pushi/vec4 0, 0, 2;
    %cmp/u;
    %jmp/1 T_2.0, 6;
    %dup/vec4;
    %pushi/vec4 1, 0, 2;
    %cmp/u;
    %jmp/1 T_2.1, 6;
    %dup/vec4;
    %pushi/vec4 2, 0, 2;
    %cmp/u;
    %jmp/1 T_2.2, 6;
    %dup/vec4;
    %pushi/vec4 3, 0, 2;
    %cmp/u;
    %jmp/1 T_2.3, 6;
    %pushi/vec4 255, 255, 8;
    %store/vec4 v00000212b8e10ac0_0, 0, 8;
    %jmp T_2.5;
T_2.0 ;
    %load/vec4 v00000212b8e0fb20_0;
    %assign/vec4 v00000212b8e10ac0_0, 0;
    %jmp T_2.5;
T_2.1 ;
    %load/vec4 v00000212b8e107a0_0;
    %assign/vec4 v00000212b8e10ac0_0, 0;
    %jmp T_2.5;
T_2.2 ;
    %load/vec4 v00000212b8e0f3a0_0;
    %assign/vec4 v00000212b8e10ac0_0, 0;
    %jmp T_2.5;
T_2.3 ;
    %load/vec4 v00000212b8e10f20_0;
    %assign/vec4 v00000212b8e10ac0_0, 0;
    %jmp T_2.5;
T_2.5 ;
    %pop/vec4 1;
    %jmp T_2;
    .thread T_2, $push;
    .scope S_00000212b8dacd90;
T_3 ;
    %wait E_00000212b8dbc250;
    %load/vec4 v00000212b8e0fee0_0;
    %cmpi/e 0, 0, 1;
    %jmp/0xz  T_3.0, 4;
    %load/vec4 v00000212b8e10660_0;
    %store/vec4 v00000212b8e0fe40_0, 0, 8;
    %jmp T_3.1;
T_3.0 ;
    %load/vec4 v00000212b8e0fd00_0;
    %store/vec4 v00000212b8e0fe40_0, 0, 8;
T_3.1 ;
    %jmp T_3;
    .thread T_3, $push;
    .scope S_00000212b8d97d90;
T_4 ;
    %wait E_00000212b8dbbbd0;
    %load/vec4 v00000212b8e10200_0;
    %dup/vec4;
    %pushi/vec4 0, 0, 2;
    %cmp/u;
    %jmp/1 T_4.0, 6;
    %dup/vec4;
    %pushi/vec4 1, 0, 2;
    %cmp/u;
    %jmp/1 T_4.1, 6;
    %dup/vec4;
    %pushi/vec4 2, 0, 2;
    %cmp/u;
    %jmp/1 T_4.2, 6;
    %dup/vec4;
    %pushi/vec4 3, 0, 2;
    %cmp/u;
    %jmp/1 T_4.3, 6;
    %pushi/vec4 255, 255, 8;
    %store/vec4 v00000212b8e0fc60_0, 0, 8;
    %jmp T_4.5;
T_4.0 ;
    %load/vec4 v00000212b8e100c0_0;
    %assign/vec4 v00000212b8e0fc60_0, 0;
    %jmp T_4.5;
T_4.1 ;
    %load/vec4 v00000212b8e10160_0;
    %assign/vec4 v00000212b8e0fc60_0, 0;
    %jmp T_4.5;
T_4.2 ;
    %load/vec4 v00000212b8e0f080_0;
    %assign/vec4 v00000212b8e0fc60_0, 0;
    %jmp T_4.5;
T_4.3 ;
    %load/vec4 v00000212b8e0f440_0;
    %assign/vec4 v00000212b8e0fc60_0, 0;
    %jmp T_4.5;
T_4.5 ;
    %pop/vec4 1;
    %jmp T_4;
    .thread T_4, $push;
    .scope S_00000212b8d62d60;
T_5 ;
    %wait E_00000212b8dbbc10;
    %load/vec4 v00000212b8e0f760_0;
    %cmpi/e 0, 0, 1;
    %jmp/0xz  T_5.0, 4;
    %load/vec4 v00000212b8e102a0_0;
    %store/vec4 v00000212b8e0f1c0_0, 0, 8;
    %jmp T_5.1;
T_5.0 ;
    %load/vec4 v00000212b8e10340_0;
    %store/vec4 v00000212b8e0f1c0_0, 0, 8;
T_5.1 ;
    %jmp T_5;
    .thread T_5, $push;
    .scope S_00000212b8d97f20;
T_6 ;
    %wait E_00000212b8dbba50;
    %load/vec4 v00000212b8e10b60_0;
    %dup/vec4;
    %pushi/vec4 0, 0, 2;
    %cmp/u;
    %jmp/1 T_6.0, 6;
    %dup/vec4;
    %pushi/vec4 1, 0, 2;
    %cmp/u;
    %jmp/1 T_6.1, 6;
    %dup/vec4;
    %pushi/vec4 2, 0, 2;
    %cmp/u;
    %jmp/1 T_6.2, 6;
    %dup/vec4;
    %pushi/vec4 3, 0, 2;
    %cmp/u;
    %jmp/1 T_6.3, 6;
    %pushi/vec4 255, 255, 8;
    %store/vec4 v00000212b8e10d40_0, 0, 8;
    %jmp T_6.5;
T_6.0 ;
    %load/vec4 v00000212b8e0f120_0;
    %assign/vec4 v00000212b8e10d40_0, 0;
    %jmp T_6.5;
T_6.1 ;
    %load/vec4 v00000212b8e10700_0;
    %assign/vec4 v00000212b8e10d40_0, 0;
    %jmp T_6.5;
T_6.2 ;
    %load/vec4 v00000212b8e0f580_0;
    %assign/vec4 v00000212b8e10d40_0, 0;
    %jmp T_6.5;
T_6.3 ;
    %load/vec4 v00000212b8e10480_0;
    %assign/vec4 v00000212b8e10d40_0, 0;
    %jmp T_6.5;
T_6.5 ;
    %pop/vec4 1;
    %jmp T_6;
    .thread T_6, $push;
    .scope S_00000212b8daa8c0;
T_7 ;
    %wait E_00000212b8dbc010;
    %load/vec4 v00000212b8e10e80_0;
    %cmpi/e 0, 0, 1;
    %jmp/0xz  T_7.0, 4;
    %load/vec4 v00000212b8e0f940_0;
    %store/vec4 v00000212b8e0f620_0, 0, 8;
    %jmp T_7.1;
T_7.0 ;
    %load/vec4 v00000212b8e0fda0_0;
    %store/vec4 v00000212b8e0f620_0, 0, 8;
T_7.1 ;
    %jmp T_7;
    .thread T_7, $push;
    .scope S_00000212b8daa730;
T_8 ;
    %wait E_00000212b8dbc290;
    %load/vec4 v00000212b8e10de0_0;
    %parti/s 4, 0, 2;
    %cmpi/u 8, 0, 4;
    %jmp/0xz  T_8.0, 5;
    %load/vec4 v00000212b8e10de0_0;
    %parti/s 4, 0, 2;
    %store/vec4 v00000212b8e0ff80_0, 0, 4;
    %jmp T_8.1;
T_8.0 ;
    %pushi/vec4 8, 0, 4;
    %store/vec4 v00000212b8e0ff80_0, 0, 4;
T_8.1 ;
    %jmp T_8;
    .thread T_8, $push;
    .scope S_00000212b8daa730;
T_9 ;
    %wait E_00000212b8dbc550;
    %pushi/vec4 0, 0, 8;
    %store/vec4 v00000212b8e1a830_0, 0, 8;
    %load/vec4 v00000212b8e10980_0;
    %parti/s 7, 0, 2;
    %pad/u 8;
    %store/vec4 v00000212b8e1a0b0_0, 0, 8;
    %load/vec4 v00000212b8e10980_0;
    %parti/s 7, 1, 2;
    %pad/u 8;
    %store/vec4 v00000212b8e1b550_0, 0, 8;
    %load/vec4 v00000212b8e10980_0;
    %parti/s 1, 7, 4;
    %concati/vec4 0, 0, 7;
    %store/vec4 v00000212b8e103e0_0, 0, 8;
    %load/vec4 v00000212b8e10980_0;
    %parti/s 6, 0, 2;
    %pad/u 7;
    %ix/load 4, 0, 0;
    %flag_set/imm 4, 0;
    %store/vec4 v00000212b8e1bf50_0, 4, 7;
    %load/vec4 v00000212b8e10980_0;
    %parti/s 1, 0, 2;
    %pad/u 8;
    %store/vec4 v00000212b8e1ab50_0, 0, 8;
    %jmp T_9;
    .thread T_9, $push;
    .scope S_00000212b8daa730;
T_10 ;
    %wait E_00000212b8dbc0d0;
    %load/vec4 v00000212b8e1af10_0;
    %parti/s 6, 0, 2;
    %pad/u 8;
    %store/vec4 v00000212b8e1abf0_0, 0, 8;
    %load/vec4 v00000212b8e1af10_0;
    %parti/s 6, 2, 3;
    %pad/u 8;
    %store/vec4 v00000212b8e1a150_0, 0, 8;
    %load/vec4 v00000212b8e1af10_0;
    %parti/s 5, 0, 2;
    %pad/u 7;
    %ix/load 4, 0, 0;
    %flag_set/imm 4, 0;
    %store/vec4 v00000212b8e1b730_0, 4, 7;
    %load/vec4 v00000212b8e1af10_0;
    %parti/s 4, 1, 2;
    %pad/u 7;
    %ix/load 4, 0, 0;
    %flag_set/imm 4, 0;
    %store/vec4 v00000212b8e1bcd0_0, 4, 7;
    %jmp T_10;
    .thread T_10, $push;
    .scope S_00000212b8daa730;
T_11 ;
    %wait E_00000212b8dbbcd0;
    %load/vec4 v00000212b8e1b910_0;
    %parti/s 4, 0, 2;
    %pad/u 8;
    %store/vec4 v00000212b8e1ad30_0, 0, 8;
    %load/vec4 v00000212b8e1b910_0;
    %parti/s 4, 4, 4;
    %pad/u 8;
    %store/vec4 v00000212b8e1add0_0, 0, 8;
    %load/vec4 v00000212b8e1b910_0;
    %parti/s 3, 0, 2;
    %pad/u 7;
    %ix/load 4, 0, 0;
    %flag_set/imm 4, 0;
    %store/vec4 v00000212b8e1ba50_0, 4, 7;
    %load/vec4 v00000212b8e1b910_0;
    %parti/s 3, 3, 3;
    %pad/u 7;
    %ix/load 4, 0, 0;
    %flag_set/imm 4, 0;
    %store/vec4 v00000212b8e1a1f0_0, 4, 7;
    %jmp T_11;
    .thread T_11, $push;
    .scope S_00000212b8d960e0;
T_12 ;
    %wait E_00000212b8dbbfd0;
    %load/vec4 v00000212b8e10020_0;
    %dup/vec4;
    %pushi/vec4 0, 0, 3;
    %cmp/u;
    %jmp/1 T_12.0, 6;
    %dup/vec4;
    %pushi/vec4 1, 0, 3;
    %cmp/u;
    %jmp/1 T_12.1, 6;
    %dup/vec4;
    %pushi/vec4 2, 0, 3;
    %cmp/u;
    %jmp/1 T_12.2, 6;
    %dup/vec4;
    %pushi/vec4 3, 0, 3;
    %cmp/u;
    %jmp/1 T_12.3, 6;
    %dup/vec4;
    %pushi/vec4 4, 0, 3;
    %cmp/u;
    %jmp/1 T_12.4, 6;
    %pushi/vec4 255, 255, 8;
    %store/vec4 v00000212b8db5ae0_0, 0, 8;
    %jmp T_12.6;
T_12.0 ;
    %load/vec4 v00000212b8db6260_0;
    %assign/vec4 v00000212b8db5ae0_0, 0;
    %jmp T_12.6;
T_12.1 ;
    %load/vec4 v00000212b8db6580_0;
    %assign/vec4 v00000212b8db5ae0_0, 0;
    %jmp T_12.6;
T_12.2 ;
    %load/vec4 v00000212b8db6620_0;
    %assign/vec4 v00000212b8db5ae0_0, 0;
    %jmp T_12.6;
T_12.3 ;
    %load/vec4 v00000212b8db59a0_0;
    %assign/vec4 v00000212b8db5ae0_0, 0;
    %jmp T_12.6;
T_12.4 ;
    %load/vec4 v00000212b8db5a40_0;
    %assign/vec4 v00000212b8db5ae0_0, 0;
    %jmp T_12.6;
T_12.6 ;
    %pop/vec4 1;
    %jmp T_12;
    .thread T_12, $push;
    .scope S_00000212b8d9c1b0;
T_13 ;
    %wait E_00000212b8dbbf90;
    %load/vec4 v00000212b8e1aa10_0;
    %cmpi/e 0, 0, 8;
    %jmp/0xz  T_13.0, 4;
    %pushi/vec4 1, 0, 1;
    %store/vec4 v00000212b8e1b410_0, 0, 1;
    %jmp T_13.1;
T_13.0 ;
    %pushi/vec4 0, 0, 1;
    %store/vec4 v00000212b8e1b410_0, 0, 1;
T_13.1 ;
    %jmp T_13;
    .thread T_13, $push;
# The file index is used to find the file name in the following table.
:file_names 5;
    "N/A";
    "<interactive>";
    "alu.v";
    "./mux2x1.v";
    "./MuxUnit4.v";
