#! /c/Source/iverilog-install/bin/vvp
:ivl_version "12.0 (devel)" "(s20150603-1539-g2693dd32b)";
:ivl_delay_selection "TYPICAL";
:vpi_time_precision + 0;
:vpi_module "D:\verilog\iverilog\lib\ivl\system.vpi";
:vpi_module "D:\verilog\iverilog\lib\ivl\vhdl_sys.vpi";
:vpi_module "D:\verilog\iverilog\lib\ivl\vhdl_textio.vpi";
:vpi_module "D:\verilog\iverilog\lib\ivl\v2005_math.vpi";
:vpi_module "D:\verilog\iverilog\lib\ivl\va_math.vpi";
S_000001a1d22a2e30 .scope module, "MuxUnit4" "MuxUnit4" 2 1;
 .timescale 0 0;
    .port_info 0 /INPUT 8 "I1";
    .port_info 1 /INPUT 8 "I2";
    .port_info 2 /INPUT 8 "I3";
    .port_info 3 /INPUT 8 "I4";
    .port_info 4 /INPUT 2 "select";
    .port_info 5 /OUTPUT 8 "result";
o000001a1d22d6f98 .functor BUFZ 8, C4<zzzzzzzz>; HiZ drive
v000001a1d22a3030_0 .net "I1", 7 0, o000001a1d22d6f98;  0 drivers
o000001a1d22d6fc8 .functor BUFZ 8, C4<zzzzzzzz>; HiZ drive
v000001a1d22a30d0_0 .net "I2", 7 0, o000001a1d22d6fc8;  0 drivers
o000001a1d22d6ff8 .functor BUFZ 8, C4<zzzzzzzz>; HiZ drive
v000001a1d221ee50_0 .net "I3", 7 0, o000001a1d22d6ff8;  0 drivers
o000001a1d22d7028 .functor BUFZ 8, C4<zzzzzzzz>; HiZ drive
v000001a1d221eef0_0 .net "I4", 7 0, o000001a1d22d7028;  0 drivers
v000001a1d221be30_0 .var "result", 7 0;
o000001a1d22d7088 .functor BUFZ 2, C4<zz>; HiZ drive
v000001a1d221bed0_0 .net "select", 1 0, o000001a1d22d7088;  0 drivers
E_000001a1d221d230/0 .event anyedge, v000001a1d221bed0_0, v000001a1d22a3030_0, v000001a1d22a30d0_0, v000001a1d221ee50_0;
E_000001a1d221d230/1 .event anyedge, v000001a1d221eef0_0;
E_000001a1d221d230 .event/or E_000001a1d221d230/0, E_000001a1d221d230/1;
    .scope S_000001a1d22a2e30;
T_0 ;
    %wait E_000001a1d221d230;
    %load/vec4 v000001a1d221bed0_0;
    %dup/vec4;
    %pushi/vec4 0, 0, 2;
    %cmp/u;
    %jmp/1 T_0.0, 6;
    %dup/vec4;
    %pushi/vec4 1, 0, 2;
    %cmp/u;
    %jmp/1 T_0.1, 6;
    %dup/vec4;
    %pushi/vec4 2, 0, 2;
    %cmp/u;
    %jmp/1 T_0.2, 6;
    %dup/vec4;
    %pushi/vec4 3, 0, 2;
    %cmp/u;
    %jmp/1 T_0.3, 6;
    %pushi/vec4 255, 255, 8;
    %store/vec4 v000001a1d221be30_0, 0, 8;
    %jmp T_0.5;
T_0.0 ;
    %load/vec4 v000001a1d22a3030_0;
    %assign/vec4 v000001a1d221be30_0, 0;
    %jmp T_0.5;
T_0.1 ;
    %load/vec4 v000001a1d22a30d0_0;
    %assign/vec4 v000001a1d221be30_0, 0;
    %jmp T_0.5;
T_0.2 ;
    %load/vec4 v000001a1d221ee50_0;
    %assign/vec4 v000001a1d221be30_0, 0;
    %jmp T_0.5;
T_0.3 ;
    %load/vec4 v000001a1d221eef0_0;
    %assign/vec4 v000001a1d221be30_0, 0;
    %jmp T_0.5;
T_0.5 ;
    %pop/vec4 1;
    %jmp T_0;
    .thread T_0, $push;
# The file index is used to find the file name in the following table.
:file_names 3;
    "N/A";
    "<interactive>";
    "MuxUnit4.v";
