#! /c/Source/iverilog-install/bin/vvp
:ivl_version "12.0 (devel)" "(s20150603-1539-g2693dd32b)";
:ivl_delay_selection "TYPICAL";
:vpi_time_precision + 0;
:vpi_module "D:\verilog\iverilog\lib\ivl\system.vpi";
:vpi_module "D:\verilog\iverilog\lib\ivl\vhdl_sys.vpi";
:vpi_module "D:\verilog\iverilog\lib\ivl\vhdl_textio.vpi";
:vpi_module "D:\verilog\iverilog\lib\ivl\v2005_math.vpi";
:vpi_module "D:\verilog\iverilog\lib\ivl\va_math.vpi";
S_0000025d05f02e30 .scope module, "pc" "pc" 2 1;
 .timescale 0 0;
    .port_info 0 /INPUT 1 "CLK";
    .port_info 1 /INPUT 1 "RESET";
    .port_info 2 /INPUT 32 "jumpOrbranchPC";
    .port_info 3 /INPUT 1 "muxcontrol";
    .port_info 4 /OUTPUT 32 "PC_data";
o0000025d05f36fb8 .functor BUFZ 1, C4<z>; HiZ drive
v0000025d05f02fc0_0 .net "CLK", 0 0, o0000025d05f36fb8;  0 drivers
v0000025d05f03060_0 .var "PC_data", 31 0;
o0000025d05f37018 .functor BUFZ 1, C4<z>; HiZ drive
v0000025d05f03100_0 .net "RESET", 0 0, o0000025d05f37018;  0 drivers
o0000025d05f37048 .functor BUFZ 32, C4<zzzzzzzzzzzzzzzzzzzzzzzzzzzzzzzz>; HiZ drive
v0000025d0602ece0_0 .net "jumpOrbranchPC", 31 0, o0000025d05f37048;  0 drivers
o0000025d05f37078 .functor BUFZ 1, C4<z>; HiZ drive
v0000025d0602ed80_0 .net "muxcontrol", 0 0, o0000025d05f37078;  0 drivers
E_0000025d06028e80 .event posedge, v0000025d05f02fc0_0;
    .scope S_0000025d05f02e30;
T_0 ;
    %wait E_0000025d06028e80;
    %load/vec4 v0000025d05f03100_0;
    %cmpi/e 1, 0, 1;
    %jmp/0xz  T_0.0, 4;
    %pushi/vec4 0, 0, 32;
    %assign/vec4 v0000025d05f03060_0, 1;
    %jmp T_0.1;
T_0.0 ;
    %load/vec4 v0000025d0602ed80_0;
    %cmpi/e 1, 0, 1;
    %jmp/0xz  T_0.2, 4;
    %load/vec4 v0000025d05f03060_0;
    %addi 4, 0, 32;
    %assign/vec4 v0000025d05f03060_0, 1;
    %jmp T_0.3;
T_0.2 ;
    %load/vec4 v0000025d0602ece0_0;
    %addi 4, 0, 32;
    %assign/vec4 v0000025d05f03060_0, 1;
T_0.3 ;
T_0.1 ;
    %jmp T_0;
    .thread T_0;
# The file index is used to find the file name in the following table.
:file_names 3;
    "N/A";
    "<interactive>";
    "pc.v";
